{"/home/travis/build/npmtest/node-npmtest-how2/test.js":{"path":"/home/travis/build/npmtest/node-npmtest-how2/test.js","s":{"1":2,"2":2,"3":2,"4":2,"5":2,"6":2,"7":2,"8":1,"9":2,"10":2,"11":1,"12":1,"13":1,"14":1,"15":2,"16":2,"17":2,"18":2,"19":1,"20":1,"21":2,"22":2,"23":2,"24":1,"25":1,"26":1,"27":1,"28":1,"29":1,"30":1,"31":1,"32":1,"33":1,"34":1,"35":1,"36":1,"37":1,"38":1,"39":2,"40":2,"41":1,"42":2,"43":2,"44":1,"45":2,"46":2,"47":1,"48":2,"49":2,"50":1,"51":1,"52":1,"53":1,"54":1},"b":{"1":[2,1,1,1],"2":[1,1,1,1],"3":[1,1],"4":[1,1],"5":[1,1],"6":[1,1],"7":[1,1],"8":[1,1],"9":[1,1],"10":[1,1,1],"11":[1,1],"12":[1,1],"13":[1,1],"14":[1,1],"15":[1,1],"16":[1,1],"17":[1,1]},"f":{"1":2,"2":2,"3":2,"4":2,"5":2,"6":1,"7":1,"8":1,"9":2,"10":2,"11":2,"12":2,"13":1},"fnMap":{"1":{"name":"(anonymous_1)","line":12,"loc":{"start":{"line":12,"column":1},"end":{"line":12,"column":13}}},"2":{"name":"(anonymous_2)","line":19,"loc":{"start":{"line":19,"column":5},"end":{"line":19,"column":17}}},"3":{"name":"(anonymous_3)","line":23,"loc":{"start":{"line":23,"column":24},"end":{"line":23,"column":36}}},"4":{"name":"(anonymous_4)","line":61,"loc":{"start":{"line":61,"column":5},"end":{"line":61,"column":17}}},"5":{"name":"(anonymous_5)","line":82,"loc":{"start":{"line":82,"column":5},"end":{"line":82,"column":17}}},"6":{"name":"(anonymous_6)","line":91,"loc":{"start":{"line":91,"column":77},"end":{"line":94,"column":10}}},"7":{"name":"(anonymous_7)","line":112,"loc":{"start":{"line":112,"column":83},"end":{"line":115,"column":10}},"skip":true},"8":{"name":"(anonymous_8)","line":123,"loc":{"start":{"line":123,"column":77},"end":{"line":126,"column":10}},"skip":true},"9":{"name":"(anonymous_9)","line":139,"loc":{"start":{"line":139,"column":12},"end":{"line":139,"column":40}},"skip":true},"10":{"name":"(anonymous_10)","line":147,"loc":{"start":{"line":147,"column":77},"end":{"line":150,"column":10}},"skip":true},"11":{"name":"(anonymous_11)","line":158,"loc":{"start":{"line":158,"column":83},"end":{"line":161,"column":10}},"skip":true},"12":{"name":"(anonymous_12)","line":169,"loc":{"start":{"line":169,"column":79},"end":{"line":172,"column":10}},"skip":true},"13":{"name":"(anonymous_13)","line":180,"loc":{"start":{"line":180,"column":75},"end":{"line":183,"column":10}},"skip":true}},"statementMap":{"1":{"start":{"line":12,"column":0},"end":{"line":195,"column":5}},"2":{"start":{"line":14,"column":4},"end":{"line":14,"column":14}},"3":{"start":{"line":19,"column":4},"end":{"line":56,"column":9}},"4":{"start":{"line":21,"column":8},"end":{"line":21,"column":19}},"5":{"start":{"line":23,"column":8},"end":{"line":35,"column":13}},"6":{"start":{"line":24,"column":12},"end":{"line":34,"column":13}},"7":{"start":{"line":25,"column":16},"end":{"line":28,"column":30}},"8":{"start":{"line":30,"column":16},"end":{"line":33,"column":27}},"9":{"start":{"line":37,"column":8},"end":{"line":39,"column":21}},"10":{"start":{"line":40,"column":8},"end":{"line":53,"column":9}},"11":{"start":{"line":43,"column":12},"end":{"line":46,"column":14}},"12":{"start":{"line":47,"column":12},"end":{"line":47,"column":18}},"13":{"start":{"line":50,"column":12},"end":{"line":51,"column":46}},"14":{"start":{"line":52,"column":12},"end":{"line":52,"column":18}},"15":{"start":{"line":55,"column":8},"end":{"line":55,"column":35}},"16":{"start":{"line":61,"column":4},"end":{"line":63,"column":9}},"17":{"start":{"line":62,"column":8},"end":{"line":62,"column":15}},"18":{"start":{"line":64,"column":4},"end":{"line":77,"column":5}},"19":{"start":{"line":70,"column":8},"end":{"line":70,"column":14}},"20":{"start":{"line":76,"column":8},"end":{"line":76,"column":14}},"21":{"start":{"line":82,"column":4},"end":{"line":84,"column":9}},"22":{"start":{"line":83,"column":8},"end":{"line":83,"column":15}},"23":{"start":{"line":85,"column":4},"end":{"line":194,"column":5}},"24":{"start":{"line":91,"column":8},"end":{"line":99,"column":10}},"25":{"start":{"line":98,"column":12},"end":{"line":98,"column":35}},"26":{"start":{"line":102,"column":8},"end":{"line":104,"column":63}},"27":{"start":{"line":105,"column":8},"end":{"line":105,"column":14}},"28":{"start":{"line":112,"column":8},"end":{"line":121,"column":10},"skip":true},"29":{"start":{"line":119,"column":12},"end":{"line":119,"column":55},"skip":true},"30":{"start":{"line":120,"column":12},"end":{"line":120,"column":48},"skip":true},"31":{"start":{"line":123,"column":8},"end":{"line":136,"column":10},"skip":true},"32":{"start":{"line":130,"column":12},"end":{"line":130,"column":76},"skip":true},"33":{"start":{"line":131,"column":12},"end":{"line":131,"column":73},"skip":true},"34":{"start":{"line":132,"column":12},"end":{"line":132,"column":74},"skip":true},"35":{"start":{"line":133,"column":12},"end":{"line":133,"column":79},"skip":true},"36":{"start":{"line":134,"column":12},"end":{"line":134,"column":25},"skip":true},"37":{"start":{"line":135,"column":12},"end":{"line":135,"column":45},"skip":true},"38":{"start":{"line":138,"column":8},"end":{"line":145,"column":14},"skip":true},"39":{"start":{"line":143,"column":16},"end":{"line":143,"column":29},"skip":true},"40":{"start":{"line":144,"column":16},"end":{"line":144,"column":55},"skip":true},"41":{"start":{"line":147,"column":8},"end":{"line":156,"column":10},"skip":true},"42":{"start":{"line":154,"column":12},"end":{"line":154,"column":25},"skip":true},"43":{"start":{"line":155,"column":12},"end":{"line":155,"column":45},"skip":true},"44":{"start":{"line":158,"column":8},"end":{"line":167,"column":10},"skip":true},"45":{"start":{"line":165,"column":12},"end":{"line":165,"column":25},"skip":true},"46":{"start":{"line":166,"column":12},"end":{"line":166,"column":48},"skip":true},"47":{"start":{"line":169,"column":8},"end":{"line":178,"column":10},"skip":true},"48":{"start":{"line":176,"column":12},"end":{"line":176,"column":25},"skip":true},"49":{"start":{"line":177,"column":12},"end":{"line":177,"column":46},"skip":true},"50":{"start":{"line":180,"column":8},"end":{"line":189,"column":10},"skip":true},"51":{"start":{"line":187,"column":12},"end":{"line":187,"column":94},"skip":true},"52":{"start":{"line":188,"column":12},"end":{"line":188,"column":48},"skip":true},"53":{"start":{"line":192,"column":8},"end":{"line":192,"column":35},"skip":true},"54":{"start":{"line":193,"column":8},"end":{"line":193,"column":14},"skip":true}},"branchMap":{"1":{"line":25,"type":"binary-expr","locations":[{"start":{"line":25,"column":23},"end":{"line":25,"column":62}},{"start":{"line":26,"column":20},"end":{"line":26,"column":70}},{"start":{"line":27,"column":20},"end":{"line":27,"column":71}},{"start":{"line":28,"column":20},"end":{"line":28,"column":29}}]},"2":{"line":30,"type":"binary-expr","locations":[{"start":{"line":30,"column":23},"end":{"line":30,"column":37}},{"start":{"line":31,"column":20},"end":{"line":31,"column":61}},{"start":{"line":32,"column":20},"end":{"line":32,"column":70}},{"start":{"line":33,"column":20},"end":{"line":33,"column":26}}]},"3":{"line":37,"type":"cond-expr","locations":[{"start":{"line":38,"column":14},"end":{"line":38,"column":20}},{"start":{"line":39,"column":14},"end":{"line":39,"column":20}}]},"4":{"line":40,"type":"switch","locations":[{"start":{"line":42,"column":8},"end":{"line":47,"column":18}},{"start":{"line":49,"column":8},"end":{"line":52,"column":18}}]},"5":{"line":44,"type":"binary-expr","locations":[{"start":{"line":44,"column":16},"end":{"line":44,"column":44}},{"start":{"line":44,"column":48},"end":{"line":44,"column":66}}]},"6":{"line":50,"type":"binary-expr","locations":[{"start":{"line":50,"column":21},"end":{"line":50,"column":49}},{"start":{"line":50,"column":53},"end":{"line":50,"column":72}}]},"7":{"line":64,"type":"switch","locations":[{"start":{"line":69,"column":4},"end":{"line":70,"column":14}},{"start":{"line":75,"column":4},"end":{"line":76,"column":14}}]},"8":{"line":85,"type":"switch","locations":[{"start":{"line":90,"column":4},"end":{"line":105,"column":14}},{"start":{"line":111,"column":4},"end":{"line":193,"column":14},"skip":true}]},"9":{"line":91,"type":"binary-expr","locations":[{"start":{"line":91,"column":42},"end":{"line":91,"column":73}},{"start":{"line":91,"column":77},"end":{"line":99,"column":9}}]},"10":{"line":102,"type":"binary-expr","locations":[{"start":{"line":102,"column":18},"end":{"line":102,"column":32}},{"start":{"line":103,"column":12},"end":{"line":103,"column":53}},{"start":{"line":104,"column":12},"end":{"line":104,"column":61}}]},"11":{"line":112,"type":"binary-expr","locations":[{"start":{"line":112,"column":45},"end":{"line":112,"column":79},"skip":true},{"start":{"line":112,"column":83},"end":{"line":121,"column":9},"skip":true}]},"12":{"line":123,"type":"binary-expr","locations":[{"start":{"line":123,"column":42},"end":{"line":123,"column":73},"skip":true},{"start":{"line":123,"column":77},"end":{"line":136,"column":9},"skip":true}]},"13":{"line":138,"type":"binary-expr","locations":[{"start":{"line":138,"column":48},"end":{"line":138,"column":85},"skip":true},{"start":{"line":139,"column":12},"end":{"line":145,"column":13},"skip":true}]},"14":{"line":147,"type":"binary-expr","locations":[{"start":{"line":147,"column":42},"end":{"line":147,"column":73},"skip":true},{"start":{"line":147,"column":77},"end":{"line":156,"column":9},"skip":true}]},"15":{"line":158,"type":"binary-expr","locations":[{"start":{"line":158,"column":45},"end":{"line":158,"column":79},"skip":true},{"start":{"line":158,"column":83},"end":{"line":167,"column":9},"skip":true}]},"16":{"line":169,"type":"binary-expr","locations":[{"start":{"line":169,"column":43},"end":{"line":169,"column":75},"skip":true},{"start":{"line":169,"column":79},"end":{"line":178,"column":9},"skip":true}]},"17":{"line":180,"type":"binary-expr","locations":[{"start":{"line":180,"column":41},"end":{"line":180,"column":71},"skip":true},{"start":{"line":180,"column":75},"end":{"line":189,"column":9},"skip":true}]}},"code":["/* istanbul instrument in package npmtest_how2 */","/*jslint","    bitwise: true,","    browser: true,","    maxerr: 8,","    maxlen: 96,","    node: true,","    nomen: true,","    regexp: true,","    stupid: true","*/","(function () {","    'use strict';","    var local;","","","","    // run shared js-env code - pre-init","    (function () {","        // init local","        local = {};","        // init modeJs","        local.modeJs = (function () {","            try {","                return typeof navigator.userAgent === 'string' &&","                    typeof document.querySelector('body') === 'object' &&","                    typeof XMLHttpRequest.prototype.open === 'function' &&","                    'browser';","            } catch (errorCaughtBrowser) {","                return module.exports &&","                    typeof process.versions.node === 'string' &&","                    typeof require('http').createServer === 'function' &&","                    'node';","            }","        }());","        // init global","        local.global = local.modeJs === 'browser'","            ? window","            : global;","        switch (local.modeJs) {","        // re-init local from window.local","        case 'browser':","            local = local.global.utility2.objectSetDefault(","                local.global.utility2_rollup || local.global.local,","                local.global.utility2","            );","            break;","        // re-init local from example.js","        case 'node':","            local = (local.global.utility2_rollup || require('utility2'))","                .requireExampleJsFromReadme();","            break;","        }","        // export local","        local.global.local = local;","    }());","","","","    // run shared js-env code - function","    (function () {","        return;","    }());","    switch (local.modeJs) {","","","","    // run browser js-env code - function","    case 'browser':","        break;","","","","    // run node js-env code - function","    case 'node':","        break;","    }","","","","    // run shared js-env code - post-init","    (function () {","        return;","    }());","    switch (local.modeJs) {","","","","    // run browser js-env code - post-init","    case 'browser':","        local.testCase_browser_nullCase = local.testCase_browser_nullCase || function (","            options,","            onError","        ) {","        /*","         * this function will test browsers's null-case handling-behavior-behavior","         */","            onError(null, options);","        };","","        // run tests","        local.nop(local.modeTest &&","            document.querySelector('#testRunButton1') &&","            document.querySelector('#testRunButton1').click());","        break;","","","","    // run node js-env code - post-init","    /* istanbul ignore next */","    case 'node':","        local.testCase_buildApidoc_default = local.testCase_buildApidoc_default || function (","            options,","            onError","        ) {","        /*","         * this function will test buildApidoc's default handling-behavior-behavior","         */","            options = { modulePathList: module.paths };","            local.buildApidoc(options, onError);","        };","","        local.testCase_buildApp_default = local.testCase_buildApp_default || function (","            options,","            onError","        ) {","        /*","         * this function will test buildApp's default handling-behavior-behavior","         */","            local.testCase_buildReadme_default(options, local.onErrorThrow);","            local.testCase_buildLib_default(options, local.onErrorThrow);","            local.testCase_buildTest_default(options, local.onErrorThrow);","            local.testCase_buildCustomOrg_default(options, local.onErrorThrow);","            options = [];","            local.buildApp(options, onError);","        };","","        local.testCase_buildCustomOrg_default = local.testCase_buildCustomOrg_default ||","            function (options, onError) {","            /*","             * this function will test buildCustomOrg's default handling-behavior","             */","                options = {};","                local.buildCustomOrg(options, onError);","            };","","        local.testCase_buildLib_default = local.testCase_buildLib_default || function (","            options,","            onError","        ) {","        /*","         * this function will test buildLib's default handling-behavior","         */","            options = {};","            local.buildLib(options, onError);","        };","","        local.testCase_buildReadme_default = local.testCase_buildReadme_default || function (","            options,","            onError","        ) {","        /*","         * this function will test buildReadme's default handling-behavior-behavior","         */","            options = {};","            local.buildReadme(options, onError);","        };","","        local.testCase_buildTest_default = local.testCase_buildTest_default || function (","            options,","            onError","        ) {","        /*","         * this function will test buildTest's default handling-behavior","         */","            options = {};","            local.buildTest(options, onError);","        };","","        local.testCase_webpage_default = local.testCase_webpage_default || function (","            options,","            onError","        ) {","        /*","         * this function will test webpage's default handling-behavior","         */","            options = { modeCoverageMerge: true, url: local.serverLocalHost + '?modeTest=1' };","            local.browserTest(options, onError);","        };","","        // run test-server","        local.testRunServer(local);","        break;","    }","}());",""],"l":{"12":2,"14":2,"19":2,"21":2,"23":2,"24":2,"25":2,"30":1,"37":2,"40":2,"43":1,"47":1,"50":1,"52":1,"55":2,"61":2,"62":2,"64":2,"70":1,"76":1,"82":2,"83":2,"85":2,"91":1,"98":1,"102":1,"105":1,"112":1,"119":1,"120":1,"123":1,"130":1,"131":1,"132":1,"133":1,"134":1,"135":1,"138":1,"143":2,"144":2,"147":1,"154":2,"155":2,"158":1,"165":2,"166":2,"169":1,"176":2,"177":2,"180":1,"187":1,"188":1,"192":1,"193":1}},"/home/travis/build/npmtest/node-npmtest-how2/lib.npmtest_how2.js":{"path":"/home/travis/build/npmtest/node-npmtest-how2/lib.npmtest_how2.js","s":{"1":2,"2":2,"3":2,"4":2,"5":2,"6":2,"7":2,"8":1,"9":2,"10":2,"11":2,"12":2,"13":1,"14":1,"15":1,"16":1},"b":{"1":[2,1,1,1],"2":[1,1,1,1],"3":[1,1],"4":[2,2],"5":[1,1]},"f":{"1":2,"2":2,"3":2},"fnMap":{"1":{"name":"(anonymous_1)","line":12,"loc":{"start":{"line":12,"column":1},"end":{"line":12,"column":13}}},"2":{"name":"(anonymous_2)","line":19,"loc":{"start":{"line":19,"column":5},"end":{"line":19,"column":17}}},"3":{"name":"(anonymous_3)","line":23,"loc":{"start":{"line":23,"column":24},"end":{"line":23,"column":36}}}},"statementMap":{"1":{"start":{"line":12,"column":0},"end":{"line":53,"column":5}},"2":{"start":{"line":14,"column":4},"end":{"line":14,"column":14}},"3":{"start":{"line":19,"column":4},"end":{"line":52,"column":9}},"4":{"start":{"line":21,"column":8},"end":{"line":21,"column":19}},"5":{"start":{"line":23,"column":8},"end":{"line":35,"column":13}},"6":{"start":{"line":24,"column":12},"end":{"line":34,"column":13}},"7":{"start":{"line":25,"column":16},"end":{"line":28,"column":30}},"8":{"start":{"line":30,"column":16},"end":{"line":33,"column":27}},"9":{"start":{"line":37,"column":8},"end":{"line":39,"column":21}},"10":{"start":{"line":41,"column":8},"end":{"line":41,"column":54}},"11":{"start":{"line":43,"column":8},"end":{"line":43,"column":49}},"12":{"start":{"line":45,"column":8},"end":{"line":51,"column":9}},"13":{"start":{"line":46,"column":12},"end":{"line":46,"column":55}},"14":{"start":{"line":48,"column":12},"end":{"line":48,"column":35}},"15":{"start":{"line":49,"column":12},"end":{"line":49,"column":49}},"16":{"start":{"line":50,"column":12},"end":{"line":50,"column":43}}},"branchMap":{"1":{"line":25,"type":"binary-expr","locations":[{"start":{"line":25,"column":23},"end":{"line":25,"column":62}},{"start":{"line":26,"column":20},"end":{"line":26,"column":70}},{"start":{"line":27,"column":20},"end":{"line":27,"column":71}},{"start":{"line":28,"column":20},"end":{"line":28,"column":29}}]},"2":{"line":30,"type":"binary-expr","locations":[{"start":{"line":30,"column":23},"end":{"line":30,"column":37}},{"start":{"line":31,"column":20},"end":{"line":31,"column":61}},{"start":{"line":32,"column":20},"end":{"line":32,"column":70}},{"start":{"line":33,"column":20},"end":{"line":33,"column":26}}]},"3":{"line":37,"type":"cond-expr","locations":[{"start":{"line":38,"column":14},"end":{"line":38,"column":20}},{"start":{"line":39,"column":14},"end":{"line":39,"column":20}}]},"4":{"line":41,"type":"binary-expr","locations":[{"start":{"line":41,"column":16},"end":{"line":41,"column":44}},{"start":{"line":41,"column":48},"end":{"line":41,"column":53}}]},"5":{"line":45,"type":"if","locations":[{"start":{"line":45,"column":8},"end":{"line":45,"column":8}},{"start":{"line":45,"column":8},"end":{"line":45,"column":8}}]}},"code":["/* istanbul instrument in package npmtest_how2 */","/*jslint","    bitwise: true,","    browser: true,","    maxerr: 8,","    maxlen: 96,","    node: true,","    nomen: true,","    regexp: true,","    stupid: true","*/","(function () {","    'use strict';","    var local;","","","","    // run shared js-env code - pre-init","    (function () {","        // init local","        local = {};","        // init modeJs","        local.modeJs = (function () {","            try {","                return typeof navigator.userAgent === 'string' &&","                    typeof document.querySelector('body') === 'object' &&","                    typeof XMLHttpRequest.prototype.open === 'function' &&","                    'browser';","            } catch (errorCaughtBrowser) {","                return module.exports &&","                    typeof process.versions.node === 'string' &&","                    typeof require('http').createServer === 'function' &&","                    'node';","            }","        }());","        // init global","        local.global = local.modeJs === 'browser'","            ? window","            : global;","        // init utility2_rollup","        local = local.global.utility2_rollup || local;","        // init lib","        local.local = local.npmtest_how2 = local;","        // init exports","        if (local.modeJs === 'browser') {","            local.global.utility2_npmtest_how2 = local;","        } else {","            module.exports = local;","            module.exports.__dirname = __dirname;","            module.exports.module = module;","        }","    }());","}());",""],"l":{"12":2,"14":2,"19":2,"21":2,"23":2,"24":2,"25":2,"30":1,"37":2,"41":2,"43":2,"45":2,"46":1,"48":1,"49":1,"50":1}},"/home/travis/build/npmtest/node-npmtest-how2/example.js":{"path":"/home/travis/build/npmtest/node-npmtest-how2/example.js","s":{"1":2,"2":2,"3":2,"4":2,"5":2,"6":2,"7":2,"8":1,"9":2,"10":2,"11":2,"12":2,"13":1,"14":2,"15":2,"16":2,"17":2,"18":2,"19":0,"20":2,"21":1,"22":1,"23":1,"24":1,"25":1,"26":0,"27":0,"28":1,"29":1,"30":2,"31":0,"32":0,"33":0,"34":1,"35":2,"36":2,"37":3,"38":3,"39":3,"40":3,"41":0,"42":3,"43":3,"44":3,"45":1,"46":3,"47":1,"48":1,"49":1,"50":1,"51":1,"52":1,"53":1,"54":1,"55":1,"56":1,"57":0,"58":1,"59":6,"60":6,"61":1,"62":2,"63":0,"64":2,"65":1,"66":1,"67":0,"68":0,"69":0,"70":0,"71":0,"72":0,"73":0,"74":0,"75":0,"76":0,"77":0,"78":0,"79":0,"80":0,"81":0,"82":0,"83":0},"b":{"1":[2,1,1,1],"2":[1,1,1,1],"3":[1,1],"4":[2,2],"5":[1,1],"6":[1,1],"7":[2,0],"8":[2,1,1,1,1,1],"9":[0,2,0],"10":[1,1],"11":[2,1,1],"12":[1,0],"13":[0,2],"14":[2,0,0,0,0,0,0],"15":[0,3],"16":[3,0],"17":[1,1],"18":[0,1],"19":[1,2,0,2],"20":[1,0],"21":[1,1],"22":[0,0],"23":[0,0],"24":[0,0],"25":[0,0],"26":[0,0],"27":[0,0],"28":[0,0]},"f":{"1":2,"2":2,"3":2,"4":2,"5":2,"6":2,"7":3,"8":3,"9":3,"10":1,"11":6,"12":0},"fnMap":{"1":{"name":"(anonymous_1)","line":26,"loc":{"start":{"line":26,"column":1},"end":{"line":26,"column":13}}},"2":{"name":"(anonymous_2)","line":33,"loc":{"start":{"line":33,"column":5},"end":{"line":33,"column":17}}},"3":{"name":"(anonymous_3)","line":37,"loc":{"start":{"line":37,"column":24},"end":{"line":37,"column":36}}},"4":{"name":"(anonymous_4)","line":69,"loc":{"start":{"line":69,"column":31},"end":{"line":69,"column":48}},"skip":true},"5":{"name":"(anonymous_5)","line":78,"loc":{"start":{"line":78,"column":26},"end":{"line":78,"column":45}},"skip":true},"6":{"name":"(anonymous_6)","line":123,"loc":{"start":{"line":123,"column":33},"end":{"line":123,"column":48}},"skip":true},"7":{"name":"(anonymous_7)","line":125,"loc":{"start":{"line":125,"column":27},"end":{"line":125,"column":39}},"skip":true},"8":{"name":"(anonymous_8)","line":133,"loc":{"start":{"line":133,"column":59},"end":{"line":133,"column":74}},"skip":true},"9":{"name":"(anonymous_9)","line":143,"loc":{"start":{"line":143,"column":45},"end":{"line":143,"column":62}},"skip":true},"10":{"name":"(anonymous_10)","line":144,"loc":{"start":{"line":144,"column":73},"end":{"line":144,"column":92}},"skip":true},"11":{"name":"(anonymous_11)","line":272,"loc":{"start":{"line":272,"column":51},"end":{"line":272,"column":77}},"skip":true},"12":{"name":"(anonymous_12)","line":315,"loc":{"start":{"line":315,"column":32},"end":{"line":315,"column":61}},"skip":true}},"statementMap":{"1":{"start":{"line":26,"column":0},"end":{"line":326,"column":5}},"2":{"start":{"line":28,"column":4},"end":{"line":28,"column":14}},"3":{"start":{"line":33,"column":4},"end":{"line":60,"column":9}},"4":{"start":{"line":35,"column":8},"end":{"line":35,"column":19}},"5":{"start":{"line":37,"column":8},"end":{"line":49,"column":13}},"6":{"start":{"line":38,"column":12},"end":{"line":48,"column":13}},"7":{"start":{"line":39,"column":16},"end":{"line":42,"column":30}},"8":{"start":{"line":44,"column":16},"end":{"line":47,"column":27}},"9":{"start":{"line":51,"column":8},"end":{"line":53,"column":21}},"10":{"start":{"line":55,"column":8},"end":{"line":57,"column":45}},"11":{"start":{"line":59,"column":8},"end":{"line":59,"column":35}},"12":{"start":{"line":61,"column":4},"end":{"line":325,"column":5}},"13":{"start":{"line":69,"column":8},"end":{"line":121,"column":10},"skip":true},"14":{"start":{"line":70,"column":12},"end":{"line":88,"column":13},"skip":true},"15":{"start":{"line":76,"column":16},"end":{"line":87,"column":19},"skip":true},"16":{"start":{"line":79,"column":20},"end":{"line":86,"column":21},"skip":true},"17":{"start":{"line":82,"column":24},"end":{"line":82,"column":43},"skip":true},"18":{"start":{"line":83,"column":24},"end":{"line":83,"column":30},"skip":true},"19":{"start":{"line":85,"column":24},"end":{"line":85,"column":49},"skip":true},"20":{"start":{"line":89,"column":12},"end":{"line":107,"column":13},"skip":true},"21":{"start":{"line":92,"column":16},"end":{"line":102,"column":17},"skip":true},"22":{"start":{"line":93,"column":20},"end":{"line":93,"column":86},"skip":true},"23":{"start":{"line":94,"column":20},"end":{"line":95,"column":45},"skip":true},"24":{"start":{"line":96,"column":20},"end":{"line":96,"column":42},"skip":true},"25":{"start":{"line":97,"column":20},"end":{"line":97,"column":48},"skip":true},"26":{"start":{"line":100,"column":20},"end":{"line":100,"column":85},"skip":true},"27":{"start":{"line":101,"column":20},"end":{"line":101,"column":96},"skip":true},"28":{"start":{"line":103,"column":16},"end":{"line":103,"column":22},"skip":true},"29":{"start":{"line":106,"column":16},"end":{"line":106,"column":22},"skip":true},"30":{"start":{"line":108,"column":12},"end":{"line":120,"column":13},"skip":true},"31":{"start":{"line":114,"column":16},"end":{"line":119,"column":17},"skip":true},"32":{"start":{"line":116,"column":20},"end":{"line":116,"column":78},"skip":true},"33":{"start":{"line":118,"column":20},"end":{"line":118,"column":47},"skip":true},"34":{"start":{"line":123,"column":8},"end":{"line":141,"column":11},"skip":true},"35":{"start":{"line":124,"column":12},"end":{"line":124,"column":54},"skip":true},"36":{"start":{"line":125,"column":12},"end":{"line":140,"column":14},"skip":true},"37":{"start":{"line":126,"column":16},"end":{"line":126,"column":28},"skip":true},"38":{"start":{"line":127,"column":16},"end":{"line":127,"column":69},"skip":true},"39":{"start":{"line":128,"column":16},"end":{"line":128,"column":75},"skip":true},"40":{"start":{"line":129,"column":16},"end":{"line":131,"column":17},"skip":true},"41":{"start":{"line":130,"column":20},"end":{"line":130,"column":27},"skip":true},"42":{"start":{"line":133,"column":16},"end":{"line":137,"column":36},"skip":true},"43":{"start":{"line":134,"column":20},"end":{"line":136,"column":55},"skip":true},"44":{"start":{"line":139,"column":16},"end":{"line":139,"column":57},"skip":true},"45":{"start":{"line":143,"column":8},"end":{"line":147,"column":11},"skip":true},"46":{"start":{"line":144,"column":12},"end":{"line":146,"column":15},"skip":true},"47":{"start":{"line":145,"column":16},"end":{"line":145,"column":70},"skip":true},"48":{"start":{"line":149,"column":8},"end":{"line":149,"column":31},"skip":true},"49":{"start":{"line":150,"column":8},"end":{"line":150,"column":14},"skip":true},"50":{"start":{"line":158,"column":8},"end":{"line":158,"column":31},"skip":true},"51":{"start":{"line":160,"column":8},"end":{"line":160,"column":33},"skip":true},"52":{"start":{"line":161,"column":8},"end":{"line":161,"column":37},"skip":true},"53":{"start":{"line":162,"column":8},"end":{"line":162,"column":35},"skip":true},"54":{"start":{"line":164,"column":8},"end":{"line":164,"column":50},"skip":true},"55":{"start":{"line":166,"column":8},"end":{"line":256,"column":2},"skip":true},"56":{"start":{"line":258,"column":8},"end":{"line":286,"column":9},"skip":true},"57":{"start":{"line":259,"column":12},"end":{"line":269,"column":14},"skip":true},"58":{"start":{"line":271,"column":12},"end":{"line":285,"column":19},"skip":true},"59":{"start":{"line":274,"column":20},"end":{"line":274,"column":35},"skip":true},"60":{"start":{"line":275,"column":20},"end":{"line":284,"column":21},"skip":true},"61":{"start":{"line":277,"column":24},"end":{"line":277,"column":64},"skip":true},"62":{"start":{"line":279,"column":24},"end":{"line":279,"column":40},"skip":true},"63":{"start":{"line":281,"column":24},"end":{"line":281,"column":40},"skip":true},"64":{"start":{"line":283,"column":24},"end":{"line":283,"column":39},"skip":true},"65":{"start":{"line":288,"column":8},"end":{"line":290,"column":9},"skip":true},"66":{"start":{"line":289,"column":12},"end":{"line":289,"column":18},"skip":true},"67":{"start":{"line":291,"column":8},"end":{"line":293,"column":54},"skip":true},"68":{"start":{"line":296,"column":8},"end":{"line":301,"column":37},"skip":true},"69":{"start":{"line":303,"column":8},"end":{"line":303,"column":82},"skip":true},"70":{"start":{"line":306,"column":8},"end":{"line":308,"column":9},"skip":true},"71":{"start":{"line":307,"column":12},"end":{"line":307,"column":82},"skip":true},"72":{"start":{"line":310,"column":8},"end":{"line":312,"column":9},"skip":true},"73":{"start":{"line":311,"column":12},"end":{"line":311,"column":18},"skip":true},"74":{"start":{"line":313,"column":8},"end":{"line":313,"column":54},"skip":true},"75":{"start":{"line":314,"column":8},"end":{"line":314,"column":69},"skip":true},"76":{"start":{"line":315,"column":8},"end":{"line":323,"column":36},"skip":true},"77":{"start":{"line":316,"column":12},"end":{"line":316,"column":61},"skip":true},"78":{"start":{"line":317,"column":12},"end":{"line":320,"column":13},"skip":true},"79":{"start":{"line":318,"column":16},"end":{"line":318,"column":75},"skip":true},"80":{"start":{"line":319,"column":16},"end":{"line":319,"column":23},"skip":true},"81":{"start":{"line":321,"column":12},"end":{"line":321,"column":38},"skip":true},"82":{"start":{"line":322,"column":12},"end":{"line":322,"column":27},"skip":true},"83":{"start":{"line":324,"column":8},"end":{"line":324,"column":14},"skip":true}},"branchMap":{"1":{"line":39,"type":"binary-expr","locations":[{"start":{"line":39,"column":23},"end":{"line":39,"column":62}},{"start":{"line":40,"column":20},"end":{"line":40,"column":70}},{"start":{"line":41,"column":20},"end":{"line":41,"column":71}},{"start":{"line":42,"column":20},"end":{"line":42,"column":29}}]},"2":{"line":44,"type":"binary-expr","locations":[{"start":{"line":44,"column":23},"end":{"line":44,"column":37}},{"start":{"line":45,"column":20},"end":{"line":45,"column":61}},{"start":{"line":46,"column":20},"end":{"line":46,"column":70}},{"start":{"line":47,"column":20},"end":{"line":47,"column":26}}]},"3":{"line":51,"type":"cond-expr","locations":[{"start":{"line":52,"column":14},"end":{"line":52,"column":20}},{"start":{"line":53,"column":14},"end":{"line":53,"column":20}}]},"4":{"line":55,"type":"binary-expr","locations":[{"start":{"line":55,"column":16},"end":{"line":55,"column":44}},{"start":{"line":55,"column":49},"end":{"line":57,"column":43}}]},"5":{"line":55,"type":"cond-expr","locations":[{"start":{"line":56,"column":14},"end":{"line":56,"column":48}},{"start":{"line":57,"column":14},"end":{"line":57,"column":43}}]},"6":{"line":61,"type":"switch","locations":[{"start":{"line":68,"column":4},"end":{"line":150,"column":14},"skip":true},{"start":{"line":156,"column":4},"end":{"line":324,"column":14},"skip":true}]},"7":{"line":70,"type":"if","locations":[{"start":{"line":70,"column":12},"end":{"line":70,"column":12},"skip":true},{"start":{"line":70,"column":12},"end":{"line":70,"column":12},"skip":true}]},"8":{"line":70,"type":"binary-expr","locations":[{"start":{"line":70,"column":16},"end":{"line":70,"column":22},"skip":true},{"start":{"line":70,"column":27},"end":{"line":70,"column":32},"skip":true},{"start":{"line":71,"column":20},"end":{"line":71,"column":39},"skip":true},{"start":{"line":72,"column":20},"end":{"line":72,"column":49},"skip":true},{"start":{"line":73,"column":20},"end":{"line":73,"column":58},"skip":true},{"start":{"line":74,"column":20},"end":{"line":74,"column":69},"skip":true}]},"9":{"line":79,"type":"switch","locations":[{"start":{"line":80,"column":20},"end":{"line":80,"column":33},"skip":true},{"start":{"line":81,"column":20},"end":{"line":83,"column":30},"skip":true},{"start":{"line":84,"column":20},"end":{"line":85,"column":49},"skip":true}]},"10":{"line":89,"type":"switch","locations":[{"start":{"line":90,"column":12},"end":{"line":103,"column":22},"skip":true},{"start":{"line":105,"column":12},"end":{"line":106,"column":22},"skip":true}]},"11":{"line":89,"type":"binary-expr","locations":[{"start":{"line":89,"column":20},"end":{"line":89,"column":25},"skip":true},{"start":{"line":89,"column":29},"end":{"line":89,"column":48},"skip":true},{"start":{"line":89,"column":52},"end":{"line":89,"column":74},"skip":true}]},"12":{"line":92,"type":"if","locations":[{"start":{"line":92,"column":16},"end":{"line":92,"column":16},"skip":true},{"start":{"line":92,"column":16},"end":{"line":92,"column":16},"skip":true}]},"13":{"line":108,"type":"if","locations":[{"start":{"line":108,"column":12},"end":{"line":108,"column":12},"skip":true},{"start":{"line":108,"column":12},"end":{"line":108,"column":12},"skip":true}]},"14":{"line":108,"type":"binary-expr","locations":[{"start":{"line":108,"column":16},"end":{"line":108,"column":61},"skip":true},{"start":{"line":108,"column":66},"end":{"line":108,"column":72},"skip":true},{"start":{"line":108,"column":77},"end":{"line":108,"column":82},"skip":true},{"start":{"line":109,"column":20},"end":{"line":109,"column":39},"skip":true},{"start":{"line":110,"column":20},"end":{"line":110,"column":49},"skip":true},{"start":{"line":111,"column":20},"end":{"line":111,"column":58},"skip":true},{"start":{"line":112,"column":20},"end":{"line":112,"column":68},"skip":true}]},"15":{"line":129,"type":"if","locations":[{"start":{"line":129,"column":16},"end":{"line":129,"column":16},"skip":true},{"start":{"line":129,"column":16},"end":{"line":129,"column":16},"skip":true}]},"16":{"line":134,"type":"cond-expr","locations":[{"start":{"line":135,"column":26},"end":{"line":135,"column":29},"skip":true},{"start":{"line":136,"column":26},"end":{"line":136,"column":54},"skip":true}]},"17":{"line":164,"type":"binary-expr","locations":[{"start":{"line":164,"column":27},"end":{"line":164,"column":43},"skip":true},{"start":{"line":164,"column":47},"end":{"line":164,"column":49},"skip":true}]},"18":{"line":258,"type":"if","locations":[{"start":{"line":258,"column":8},"end":{"line":258,"column":8},"skip":true},{"start":{"line":258,"column":8},"end":{"line":258,"column":8},"skip":true}]},"19":{"line":275,"type":"switch","locations":[{"start":{"line":276,"column":20},"end":{"line":277,"column":64},"skip":true},{"start":{"line":278,"column":20},"end":{"line":279,"column":40},"skip":true},{"start":{"line":280,"column":20},"end":{"line":281,"column":40},"skip":true},{"start":{"line":282,"column":20},"end":{"line":283,"column":39},"skip":true}]},"20":{"line":288,"type":"if","locations":[{"start":{"line":288,"column":8},"end":{"line":288,"column":8},"skip":true},{"start":{"line":288,"column":8},"end":{"line":288,"column":8},"skip":true}]},"21":{"line":288,"type":"binary-expr","locations":[{"start":{"line":288,"column":12},"end":{"line":288,"column":40},"skip":true},{"start":{"line":288,"column":44},"end":{"line":288,"column":67},"skip":true}]},"22":{"line":292,"type":"binary-expr","locations":[{"start":{"line":292,"column":12},"end":{"line":292,"column":50},"skip":true},{"start":{"line":293,"column":12},"end":{"line":293,"column":53},"skip":true}]},"23":{"line":297,"type":"binary-expr","locations":[{"start":{"line":297,"column":12},"end":{"line":297,"column":62},"skip":true},{"start":{"line":298,"column":12},"end":{"line":301,"column":36},"skip":true}]},"24":{"line":303,"type":"binary-expr","locations":[{"start":{"line":303,"column":43},"end":{"line":303,"column":75},"skip":true},{"start":{"line":303,"column":79},"end":{"line":303,"column":81},"skip":true}]},"25":{"line":306,"type":"if","locations":[{"start":{"line":306,"column":8},"end":{"line":306,"column":8},"skip":true},{"start":{"line":306,"column":8},"end":{"line":306,"column":8},"skip":true}]},"26":{"line":310,"type":"if","locations":[{"start":{"line":310,"column":8},"end":{"line":310,"column":8},"skip":true},{"start":{"line":310,"column":8},"end":{"line":310,"column":8},"skip":true}]},"27":{"line":313,"type":"binary-expr","locations":[{"start":{"line":313,"column":27},"end":{"line":313,"column":43},"skip":true},{"start":{"line":313,"column":47},"end":{"line":313,"column":53},"skip":true}]},"28":{"line":317,"type":"if","locations":[{"start":{"line":317,"column":12},"end":{"line":317,"column":12},"skip":true},{"start":{"line":317,"column":12},"end":{"line":317,"column":12},"skip":true}]}},"code":["/*","example.js","","quickstart example","","instruction","    1. save this script as example.js","    2. run the shell command:","        $ npm install npmtest-how2 && PORT=8081 node example.js","    3. play with the browser-demo on http://127.0.0.1:8081","*/","","","","/* istanbul instrument in package npmtest_how2 */","/*jslint","    bitwise: true,","    browser: true,","    maxerr: 8,","    maxlen: 96,","    node: true,","    nomen: true,","    regexp: true,","    stupid: true","*/","(function () {","    'use strict';","    var local;","","","","    // run shared js-env code - pre-init","    (function () {","        // init local","        local = {};","        // init modeJs","        local.modeJs = (function () {","            try {","                return typeof navigator.userAgent === 'string' &&","                    typeof document.querySelector('body') === 'object' &&","                    typeof XMLHttpRequest.prototype.open === 'function' &&","                    'browser';","            } catch (errorCaughtBrowser) {","                return module.exports &&","                    typeof process.versions.node === 'string' &&","                    typeof require('http').createServer === 'function' &&","                    'node';","            }","        }());","        // init global","        local.global = local.modeJs === 'browser'","            ? window","            : global;","        // init utility2_rollup","        local = local.global.utility2_rollup || (local.modeJs === 'browser'","            ? local.global.utility2_npmtest_how2","            : global.utility2_moduleExports);","        // export local","        local.global.local = local;","    }());","    switch (local.modeJs) {","","","","    // post-init","    // run browser js-env code - post-init","    /* istanbul ignore next */","    case 'browser':","        local.testRunBrowser = function (event) {","            if (!event || (event &&","                    event.currentTarget &&","                    event.currentTarget.className &&","                    event.currentTarget.className.includes &&","                    event.currentTarget.className.includes('onreset'))) {","                // reset output","                Array.from(","                    document.querySelectorAll('body > .resettable')","                ).forEach(function (element) {","                    switch (element.tagName) {","                    case 'INPUT':","                    case 'TEXTAREA':","                        element.value = '';","                        break;","                    default:","                        element.textContent = '';","                    }","                });","            }","            switch (event && event.currentTarget && event.currentTarget.id) {","            case 'testRunButton1':","                // show tests","                if (document.querySelector('#testReportDiv1').style.display === 'none') {","                    document.querySelector('#testReportDiv1').style.display = 'block';","                    document.querySelector('#testRunButton1').textContent =","                        'hide internal test';","                    local.modeTest = true;","                    local.testRunDefault(local);","                // hide tests","                } else {","                    document.querySelector('#testReportDiv1').style.display = 'none';","                    document.querySelector('#testRunButton1').textContent = 'run internal test';","                }","                break;","            // custom-case","            default:","                break;","            }","            if (document.querySelector('#inputTextareaEval1') && (!event || (event &&","                    event.currentTarget &&","                    event.currentTarget.className &&","                    event.currentTarget.className.includes &&","                    event.currentTarget.className.includes('oneval')))) {","                // try to eval input-code","                try {","                    /*jslint evil: true*/","                    eval(document.querySelector('#inputTextareaEval1').value);","                } catch (errorCaught) {","                    console.error(errorCaught);","                }","            }","        };","        // log stderr and stdout to #outputTextareaStdout1","        ['error', 'log'].forEach(function (key) {","            console[key + '_original'] = console[key];","            console[key] = function () {","                var element;","                console[key + '_original'].apply(console, arguments);","                element = document.querySelector('#outputTextareaStdout1');","                if (!element) {","                    return;","                }","                // append text to #outputTextareaStdout1","                element.value += Array.from(arguments).map(function (arg) {","                    return typeof arg === 'string'","                        ? arg","                        : JSON.stringify(arg, null, 4);","                }).join(' ') + '\\n';","                // scroll textarea to bottom","                element.scrollTop = element.scrollHeight;","            };","        });","        // init event-handling","        ['change', 'click', 'keyup'].forEach(function (event) {","            Array.from(document.querySelectorAll('.on' + event)).forEach(function (element) {","                element.addEventListener(event, local.testRunBrowser);","            });","        });","        // run tests","        local.testRunBrowser();","        break;","","","","    // run node js-env code - post-init","    /* istanbul ignore next */","    case 'node':","        // export local","        module.exports = local;","        // require modules","        local.fs = require('fs');","        local.http = require('http');","        local.url = require('url');","        // init assets","        local.assetsDict = local.assetsDict || {};","        /* jslint-ignore-begin */","        local.assetsDict['/assets.index.template.html'] = '\\","<!doctype html>\\n\\","<html lang=\"en\">\\n\\","<head>\\n\\","<meta charset=\"UTF-8\">\\n\\","<meta name=\"viewport\" content=\"width=device-width, initial-scale=1\">\\n\\","<title>{{env.npm_package_name}} (v{{env.npm_package_version}})</title>\\n\\","<style>\\n\\","/*csslint\\n\\","    box-sizing: false,\\n\\","    universal-selector: false\\n\\","*/\\n\\","* {\\n\\","    box-sizing: border-box;\\n\\","}\\n\\","body {\\n\\","    background: #dde;\\n\\","    font-family: Arial, Helvetica, sans-serif;\\n\\","    margin: 2rem;\\n\\","}\\n\\","body > * {\\n\\","    margin-bottom: 1rem;\\n\\","}\\n\\",".utility2FooterDiv {\\n\\","    margin-top: 20px;\\n\\","    text-align: center;\\n\\","}\\n\\","</style>\\n\\","<style>\\n\\","/*csslint\\n\\","*/\\n\\","textarea {\\n\\","    font-family: monospace;\\n\\","    height: 10rem;\\n\\","    width: 100%;\\n\\","}\\n\\","textarea[readonly] {\\n\\","    background: #ddd;\\n\\","}\\n\\","</style>\\n\\","</head>\\n\\","<body>\\n\\","<!-- utility2-comment\\n\\","<div id=\"ajaxProgressDiv1\" style=\"background: #d00; height: 2px; left: 0; margin: 0; padding: 0; position: fixed; top: 0; transition: background 0.5s, width 1.5s; width: 25%;\"></div>\\n\\","utility2-comment -->\\n\\","<h1>\\n\\","<!-- utility2-comment\\n\\","    <a\\n\\","        {{#if env.npm_package_homepage}}\\n\\","        href=\"{{env.npm_package_homepage}}\"\\n\\","        {{/if env.npm_package_homepage}}\\n\\","        target=\"_blank\"\\n\\","    >\\n\\","utility2-comment -->\\n\\","        {{env.npm_package_name}} (v{{env.npm_package_version}})\\n\\","<!-- utility2-comment\\n\\","    </a>\\n\\","utility2-comment -->\\n\\","</h1>\\n\\","<h3>{{env.npm_package_description}}</h3>\\n\\","<!-- utility2-comment\\n\\","<h4><a download href=\"assets.app.js\">download standalone app</a></h4>\\n\\","<button class=\"onclick onreset\" id=\"testRunButton1\">run internal test</button><br>\\n\\","<div id=\"testReportDiv1\" style=\"display: none;\"></div>\\n\\","utility2-comment -->\\n\\","\\n\\","\\n\\","\\n\\","<label>stderr and stdout</label>\\n\\","<textarea class=\"resettable\" id=\"outputTextareaStdout1\" readonly></textarea>\\n\\","<!-- utility2-comment\\n\\","{{#if isRollup}}\\n\\","<script src=\"assets.app.js\"></script>\\n\\","{{#unless isRollup}}\\n\\","utility2-comment -->\\n\\","<script src=\"assets.utility2.rollup.js\"></script>\\n\\","<script src=\"jsonp.utility2._stateInit?callback=window.utility2._stateInit\"></script>\\n\\","<script src=\"assets.npmtest_how2.rollup.js\"></script>\\n\\","<script src=\"assets.example.js\"></script>\\n\\","<script src=\"assets.test.js\"></script>\\n\\","<!-- utility2-comment\\n\\","{{/if isRollup}}\\n\\","utility2-comment -->\\n\\","<div class=\"utility2FooterDiv\">\\n\\","    [ this app was created with\\n\\","    <a href=\"https://github.com/kaizhu256/node-utility2\" target=\"_blank\">utility2</a>\\n\\","    ]\\n\\","</div>\\n\\","</body>\\n\\","</html>\\n\\","';","        /* jslint-ignore-end */","        if (local.templateRender) {","            local.assetsDict['/'] = local.templateRender(","                local.assetsDict['/assets.index.template.html'],","                {","                    env: local.objectSetDefault(local.env, {","                        npm_package_description: 'the greatest app in the world!',","                        npm_package_name: 'my-app',","                        npm_package_nameAlias: 'my_app',","                        npm_package_version: '0.0.1'","                    })","                }","            );","        } else {","            local.assetsDict['/'] = local.assetsDict['/assets.index.template.html']","                .replace((/\\{\\{env\\.(\\w+?)\\}\\}/g), function (match0, match1) {","                    // jslint-hack","                    String(match0);","                    switch (match1) {","                    case 'npm_package_description':","                        return 'the greatest app in the world!';","                    case 'npm_package_name':","                        return 'my-app';","                    case 'npm_package_nameAlias':","                        return 'my_app';","                    case 'npm_package_version':","                        return '0.0.1';","                    }","                });","        }","        // run the cli","        if (local.global.utility2_rollup || module !== require.main) {","            break;","        }","        local.assetsDict['/assets.example.js'] =","            local.assetsDict['/assets.example.js'] ||","            local.fs.readFileSync(__filename, 'utf8');","        // bug-workaround - long $npm_package_buildCustomOrg","        /* jslint-ignore-begin */","        local.assetsDict['/assets.npmtest_how2.rollup.js'] =","            local.assetsDict['/assets.npmtest_how2.rollup.js'] ||","            local.fs.readFileSync(","                local.npmtest_how2.__dirname + '/lib.npmtest_how2.js',","                'utf8'","            ).replace((/^#!/), '//');","        /* jslint-ignore-end */","        local.assetsDict['/favicon.ico'] = local.assetsDict['/favicon.ico'] || '';","        // if $npm_config_timeout_exit exists,","        // then exit this process after $npm_config_timeout_exit ms","        if (Number(process.env.npm_config_timeout_exit)) {","            setTimeout(process.exit, Number(process.env.npm_config_timeout_exit));","        }","        // start server","        if (local.global.utility2_serverHttp1) {","            break;","        }","        process.env.PORT = process.env.PORT || '8081';","        console.error('server starting on port ' + process.env.PORT);","        local.http.createServer(function (request, response) {","            request.urlParsed = local.url.parse(request.url);","            if (local.assetsDict[request.urlParsed.pathname] !== undefined) {","                response.end(local.assetsDict[request.urlParsed.pathname]);","                return;","            }","            response.statusCode = 404;","            response.end();","        }).listen(process.env.PORT);","        break;","    }","}());",""],"l":{"26":2,"28":2,"33":2,"35":2,"37":2,"38":2,"39":2,"44":1,"51":2,"55":2,"59":2,"61":2,"69":1,"70":2,"76":2,"79":2,"82":2,"83":2,"85":1,"89":2,"92":1,"93":1,"94":1,"96":1,"97":1,"100":1,"101":1,"103":1,"106":1,"108":2,"114":1,"116":1,"118":1,"123":1,"124":2,"125":2,"126":3,"127":3,"128":3,"129":3,"130":1,"133":3,"134":3,"139":3,"143":1,"144":3,"145":1,"149":1,"150":1,"158":1,"160":1,"161":1,"162":1,"164":1,"166":1,"258":1,"259":1,"271":1,"274":6,"275":6,"277":1,"279":2,"281":1,"283":2,"288":1,"289":1,"291":1,"296":1,"303":1,"306":1,"307":1,"310":1,"311":1,"313":1,"314":1,"315":1,"316":1,"317":1,"318":1,"319":1,"321":1,"322":1,"324":1}},"/home/travis/build/npmtest/node-npmtest-how2/node_modules/how2/lib/how2.js":{"path":"/home/travis/build/npmtest/node-npmtest-how2/node_modules/how2/lib/how2.js","s":{"1":1,"2":1,"3":1,"4":1,"5":1,"6":1,"7":1,"8":1,"9":1,"10":1,"11":1,"12":1,"13":0,"14":0,"15":0,"16":0,"17":0,"18":0,"19":0,"20":1,"21":0,"22":0,"23":0,"24":0,"25":0,"26":0,"27":0,"28":0,"29":0,"30":0,"31":0,"32":0,"33":0,"34":0,"35":0,"36":0,"37":1,"38":0,"39":0,"40":0,"41":0,"42":0,"43":0,"44":0,"45":0,"46":0,"47":0,"48":1,"49":0,"50":0,"51":0,"52":0,"53":0,"54":0,"55":0,"56":0,"57":0,"58":0,"59":0,"60":0,"61":0,"62":0,"63":0,"64":1,"65":0,"66":1,"67":0,"68":0,"69":1,"70":0,"71":0,"72":0,"73":0,"74":0,"75":0,"76":0,"77":0,"78":0,"79":1,"80":0,"81":1,"82":0,"83":0,"84":0,"85":0,"86":0,"87":0,"88":0,"89":0,"90":0,"91":0,"92":0,"93":0,"94":0,"95":0,"96":0,"97":1,"98":0,"99":0,"100":0,"101":0,"102":0,"103":0,"104":0,"105":0,"106":0,"107":0,"108":0,"109":0,"110":1},"b":{"1":[0,0],"2":[0,0],"3":[0,0],"4":[0,0],"5":[0,0],"6":[0,0],"7":[0,0],"8":[0,0],"9":[0,0],"10":[0,0],"11":[0,0],"12":[0,0],"13":[0,0]},"f":{"1":0,"2":0,"3":0,"4":0,"5":0,"6":0,"7":0,"8":0,"9":0,"10":0,"11":0,"12":0,"13":0,"14":0,"15":0,"16":0,"17":0,"18":0,"19":0,"20":0},"fnMap":{"1":{"name":"selectedGoogleItemCallback","line":15,"loc":{"start":{"line":15,"column":0},"end":{"line":15,"column":53}}},"2":{"name":"(anonymous_2)","line":16,"loc":{"start":{"line":16,"column":11},"end":{"line":16,"column":27}}},"3":{"name":"fetchQuestionAnswers","line":27,"loc":{"start":{"line":27,"column":0},"end":{"line":27,"column":52}}},"4":{"name":"(anonymous_4)","line":33,"loc":{"start":{"line":33,"column":48},"end":{"line":33,"column":70}}},"5":{"name":"(anonymous_5)","line":46,"loc":{"start":{"line":46,"column":46},"end":{"line":46,"column":63}}},"6":{"name":"googleError","line":55,"loc":{"start":{"line":55,"column":0},"end":{"line":55,"column":33}}},"7":{"name":"searchGoogle","line":75,"loc":{"start":{"line":75,"column":0},"end":{"line":75,"column":44}}},"8":{"name":"(anonymous_8)","line":87,"loc":{"start":{"line":87,"column":24},"end":{"line":87,"column":51}}},"9":{"name":"(anonymous_9)","line":92,"loc":{"start":{"line":92,"column":29},"end":{"line":92,"column":44}}},"10":{"name":"(anonymous_10)","line":97,"loc":{"start":{"line":97,"column":39},"end":{"line":97,"column":54}}},"11":{"name":"search","line":107,"loc":{"start":{"line":107,"column":0},"end":{"line":107,"column":38}}},"12":{"name":"main","line":111,"loc":{"start":{"line":111,"column":0},"end":{"line":111,"column":36}}},"13":{"name":"afterSearch","line":115,"loc":{"start":{"line":115,"column":4},"end":{"line":115,"column":39}}},"14":{"name":"(anonymous_14)","line":117,"loc":{"start":{"line":117,"column":75},"end":{"line":117,"column":93}}},"15":{"name":"(anonymous_15)","line":118,"loc":{"start":{"line":118,"column":36},"end":{"line":118,"column":52}}},"16":{"name":"magic","line":135,"loc":{"start":{"line":135,"column":0},"end":{"line":135,"column":27}}},"17":{"name":"selectedAnswer","line":138,"loc":{"start":{"line":138,"column":4},"end":{"line":138,"column":62}}},"18":{"name":"onKeypress","line":160,"loc":{"start":{"line":160,"column":8},"end":{"line":160,"column":37}}},"19":{"name":"(anonymous_19)","line":173,"loc":{"start":{"line":173,"column":23},"end":{"line":173,"column":47}}},"20":{"name":"(anonymous_20)","line":174,"loc":{"start":{"line":174,"column":59},"end":{"line":174,"column":76}}}},"statementMap":{"1":{"start":{"line":1,"column":0},"end":{"line":1,"column":26}},"2":{"start":{"line":2,"column":0},"end":{"line":2,"column":65}},"3":{"start":{"line":3,"column":0},"end":{"line":3,"column":31}},"4":{"start":{"line":4,"column":0},"end":{"line":4,"column":31}},"5":{"start":{"line":5,"column":0},"end":{"line":5,"column":40}},"6":{"start":{"line":6,"column":0},"end":{"line":6,"column":42}},"7":{"start":{"line":8,"column":0},"end":{"line":8,"column":25}},"8":{"start":{"line":9,"column":0},"end":{"line":9,"column":31}},"9":{"start":{"line":10,"column":0},"end":{"line":10,"column":27}},"10":{"start":{"line":12,"column":0},"end":{"line":12,"column":31}},"11":{"start":{"line":13,"column":0},"end":{"line":13,"column":41}},"12":{"start":{"line":15,"column":0},"end":{"line":25,"column":1}},"13":{"start":{"line":16,"column":4},"end":{"line":24,"column":6}},"14":{"start":{"line":17,"column":8},"end":{"line":20,"column":9}},"15":{"start":{"line":18,"column":12},"end":{"line":18,"column":84}},"16":{"start":{"line":19,"column":12},"end":{"line":19,"column":28}},"17":{"start":{"line":21,"column":8},"end":{"line":21,"column":40}},"18":{"start":{"line":22,"column":8},"end":{"line":22,"column":79}},"19":{"start":{"line":23,"column":8},"end":{"line":23,"column":51}},"20":{"start":{"line":27,"column":0},"end":{"line":53,"column":1}},"21":{"start":{"line":28,"column":4},"end":{"line":28,"column":23}},"22":{"start":{"line":29,"column":4},"end":{"line":31,"column":6}},"23":{"start":{"line":32,"column":4},"end":{"line":32,"column":44}},"24":{"start":{"line":33,"column":4},"end":{"line":52,"column":32}},"25":{"start":{"line":34,"column":8},"end":{"line":39,"column":9}},"26":{"start":{"line":35,"column":12},"end":{"line":35,"column":22}},"27":{"start":{"line":36,"column":12},"end":{"line":36,"column":66}},"28":{"start":{"line":37,"column":12},"end":{"line":37,"column":27}},"29":{"start":{"line":38,"column":12},"end":{"line":38,"column":28}},"30":{"start":{"line":40,"column":8},"end":{"line":44,"column":9}},"31":{"start":{"line":41,"column":12},"end":{"line":41,"column":22}},"32":{"start":{"line":42,"column":12},"end":{"line":42,"column":35}},"33":{"start":{"line":43,"column":12},"end":{"line":43,"column":28}},"34":{"start":{"line":46,"column":8},"end":{"line":48,"column":11}},"35":{"start":{"line":47,"column":12},"end":{"line":47,"column":34}},"36":{"start":{"line":50,"column":8},"end":{"line":50,"column":26}},"37":{"start":{"line":55,"column":0},"end":{"line":73,"column":1}},"38":{"start":{"line":56,"column":4},"end":{"line":56,"column":14}},"39":{"start":{"line":57,"column":4},"end":{"line":57,"column":29}},"40":{"start":{"line":59,"column":4},"end":{"line":71,"column":5}},"41":{"start":{"line":60,"column":8},"end":{"line":62,"column":59}},"42":{"start":{"line":64,"column":9},"end":{"line":71,"column":5}},"43":{"start":{"line":65,"column":8},"end":{"line":65,"column":76}},"44":{"start":{"line":66,"column":8},"end":{"line":66,"column":23}},"45":{"start":{"line":69,"column":8},"end":{"line":69,"column":47}},"46":{"start":{"line":70,"column":8},"end":{"line":70,"column":23}},"47":{"start":{"line":72,"column":4},"end":{"line":72,"column":20}},"48":{"start":{"line":75,"column":0},"end":{"line":105,"column":1}},"49":{"start":{"line":76,"column":4},"end":{"line":76,"column":31}},"50":{"start":{"line":78,"column":4},"end":{"line":78,"column":13}},"51":{"start":{"line":79,"column":4},"end":{"line":84,"column":5}},"52":{"start":{"line":80,"column":8},"end":{"line":80,"column":48}},"53":{"start":{"line":83,"column":8},"end":{"line":83,"column":45}},"54":{"start":{"line":85,"column":4},"end":{"line":85,"column":40}},"55":{"start":{"line":87,"column":4},"end":{"line":104,"column":7}},"56":{"start":{"line":88,"column":8},"end":{"line":90,"column":9}},"57":{"start":{"line":89,"column":12},"end":{"line":89,"column":43}},"58":{"start":{"line":92,"column":8},"end":{"line":95,"column":41}},"59":{"start":{"line":93,"column":12},"end":{"line":93,"column":37}},"60":{"start":{"line":97,"column":8},"end":{"line":100,"column":11}},"61":{"start":{"line":98,"column":12},"end":{"line":98,"column":61}},"62":{"start":{"line":99,"column":12},"end":{"line":99,"column":25}},"63":{"start":{"line":102,"column":8},"end":{"line":102,"column":40}},"64":{"start":{"line":107,"column":0},"end":{"line":109,"column":1}},"65":{"start":{"line":108,"column":4},"end":{"line":108,"column":46}},"66":{"start":{"line":111,"column":0},"end":{"line":133,"column":1}},"67":{"start":{"line":112,"column":4},"end":{"line":112,"column":15}},"68":{"start":{"line":113,"column":4},"end":{"line":113,"column":34}},"69":{"start":{"line":115,"column":4},"end":{"line":125,"column":5}},"70":{"start":{"line":116,"column":8},"end":{"line":116,"column":23}},"71":{"start":{"line":117,"column":8},"end":{"line":124,"column":12}},"72":{"start":{"line":118,"column":12},"end":{"line":123,"column":15}},"73":{"start":{"line":119,"column":16},"end":{"line":119,"column":46}},"74":{"start":{"line":120,"column":16},"end":{"line":122,"column":17}},"75":{"start":{"line":121,"column":20},"end":{"line":121,"column":44}},"76":{"start":{"line":127,"column":4},"end":{"line":132,"column":5}},"77":{"start":{"line":128,"column":8},"end":{"line":128,"column":40}},"78":{"start":{"line":131,"column":8},"end":{"line":131,"column":53}},"79":{"start":{"line":135,"column":0},"end":{"line":182,"column":1}},"80":{"start":{"line":136,"column":4},"end":{"line":136,"column":40}},"81":{"start":{"line":138,"column":4},"end":{"line":171,"column":5}},"82":{"start":{"line":139,"column":8},"end":{"line":147,"column":9}},"83":{"start":{"line":140,"column":12},"end":{"line":140,"column":75}},"84":{"start":{"line":141,"column":12},"end":{"line":145,"column":13}},"85":{"start":{"line":142,"column":16},"end":{"line":142,"column":117}},"86":{"start":{"line":143,"column":16},"end":{"line":143,"column":95}},"87":{"start":{"line":144,"column":16},"end":{"line":144,"column":94}},"88":{"start":{"line":146,"column":12},"end":{"line":146,"column":28}},"89":{"start":{"line":149,"column":8},"end":{"line":149,"column":77}},"90":{"start":{"line":151,"column":8},"end":{"line":151,"column":34}},"91":{"start":{"line":152,"column":8},"end":{"line":152,"column":56}},"92":{"start":{"line":153,"column":8},"end":{"line":153,"column":30}},"93":{"start":{"line":155,"column":8},"end":{"line":155,"column":76}},"94":{"start":{"line":156,"column":8},"end":{"line":156,"column":43}},"95":{"start":{"line":157,"column":8},"end":{"line":157,"column":39}},"96":{"start":{"line":158,"column":8},"end":{"line":158,"column":49}},"97":{"start":{"line":160,"column":8},"end":{"line":170,"column":9}},"98":{"start":{"line":161,"column":12},"end":{"line":169,"column":13}},"99":{"start":{"line":162,"column":16},"end":{"line":168,"column":17}},"100":{"start":{"line":163,"column":20},"end":{"line":163,"column":73}},"101":{"start":{"line":164,"column":20},"end":{"line":164,"column":54}},"102":{"start":{"line":167,"column":20},"end":{"line":167,"column":36}},"103":{"start":{"line":173,"column":4},"end":{"line":180,"column":7}},"104":{"start":{"line":174,"column":8},"end":{"line":178,"column":11}},"105":{"start":{"line":175,"column":12},"end":{"line":175,"column":27}},"106":{"start":{"line":176,"column":12},"end":{"line":176,"column":60}},"107":{"start":{"line":177,"column":12},"end":{"line":177,"column":57}},"108":{"start":{"line":179,"column":8},"end":{"line":179,"column":22}},"109":{"start":{"line":181,"column":4},"end":{"line":181,"column":34}},"110":{"start":{"line":184,"column":0},"end":{"line":188,"column":2}}},"branchMap":{"1":{"line":17,"type":"if","locations":[{"start":{"line":17,"column":8},"end":{"line":17,"column":8}},{"start":{"line":17,"column":8},"end":{"line":17,"column":8}}]},"2":{"line":34,"type":"if","locations":[{"start":{"line":34,"column":8},"end":{"line":34,"column":8}},{"start":{"line":34,"column":8},"end":{"line":34,"column":8}}]},"3":{"line":40,"type":"if","locations":[{"start":{"line":40,"column":8},"end":{"line":40,"column":8}},{"start":{"line":40,"column":8},"end":{"line":40,"column":8}}]},"4":{"line":59,"type":"if","locations":[{"start":{"line":59,"column":4},"end":{"line":59,"column":4}},{"start":{"line":59,"column":4},"end":{"line":59,"column":4}}]},"5":{"line":64,"type":"if","locations":[{"start":{"line":64,"column":9},"end":{"line":64,"column":9}},{"start":{"line":64,"column":9},"end":{"line":64,"column":9}}]},"6":{"line":79,"type":"if","locations":[{"start":{"line":79,"column":4},"end":{"line":79,"column":4}},{"start":{"line":79,"column":4},"end":{"line":79,"column":4}}]},"7":{"line":88,"type":"if","locations":[{"start":{"line":88,"column":8},"end":{"line":88,"column":8}},{"start":{"line":88,"column":8},"end":{"line":88,"column":8}}]},"8":{"line":120,"type":"if","locations":[{"start":{"line":120,"column":16},"end":{"line":120,"column":16}},{"start":{"line":120,"column":16},"end":{"line":120,"column":16}}]},"9":{"line":127,"type":"if","locations":[{"start":{"line":127,"column":4},"end":{"line":127,"column":4}},{"start":{"line":127,"column":4},"end":{"line":127,"column":4}}]},"10":{"line":139,"type":"if","locations":[{"start":{"line":139,"column":8},"end":{"line":139,"column":8}},{"start":{"line":139,"column":8},"end":{"line":139,"column":8}}]},"11":{"line":141,"type":"if","locations":[{"start":{"line":141,"column":12},"end":{"line":141,"column":12}},{"start":{"line":141,"column":12},"end":{"line":141,"column":12}}]},"12":{"line":161,"type":"if","locations":[{"start":{"line":161,"column":12},"end":{"line":161,"column":12}},{"start":{"line":161,"column":12},"end":{"line":161,"column":12}}]},"13":{"line":162,"type":"if","locations":[{"start":{"line":162,"column":16},"end":{"line":162,"column":16}},{"start":{"line":162,"column":16},"end":{"line":162,"column":16}}]}},"code":["var _ = require('lodash');","var stackexchange = require('./stackexchange/lib/stackexchange');","var google = require('google');","var assert = require('assert');","var spinner = require('simple-spinner');","var spinnerOptions = { doNotBlock: true };","","var ui = require('./ui');","var utils = require('./utils');","var log = require('./log');","","var options = { version: 2.2 };","var context = new stackexchange(options);","","function selectedGoogleItemCallback(links, callback) {","    return function(index) {","        if(links.length === 0) {","            log.error('Sorry, I cannot find any reasonable answer for your query.');","            process.exit(1);","        }","        var selectedLink = links[index];","        var parsedLink = utils.parseStackoverflowQuestionId(selectedLink.link);","        fetchQuestionAnswers(parsedLink, callback);","    };","}","","function fetchQuestionAnswers(parsedLink, callback) {","    assert(parsedLink);","    var questionCriteria = {","        filter: '!-*f(6s6U8Q9b'  // body_markdown and link","    };","    questionCriteria.site = parsedLink.site;","    context.questions.answers(questionCriteria, function(err, results){","        if(err) {","            ui.stop();","            log.error('Cannot fetch answers from Stackoverflow.');","            log.error(err);","            process.exit(1);","        }","        if(results.error_id) {","            ui.stop();","            console.error(results);","            process.exit(1);","        }","","        var answers = _.sortBy(results.items, function(answer) {","            return - answer.score;","        });","","        callback(answers);","","    }, [parsedLink.questionId]);","}","","function googleError(err, links) {","    ui.stop();","    var msg = err.toString();","","    if(msg.indexOf('have detected unusual traffic') !== -1) {","        log.error(","            'You are doing too many requests to Google. ' +","            'You need to wait a bit before trying again.');","    }","    else if(msg.indexOf('ENOTFOUND') !== -1) {","        log.error('Cannot connect to Google. Make sure you are connected.');","        log.error(err);","    }","    else {","        log.error('Cannot connect to Google.');","        log.error(err);","    }","    process.exit(1);","}","","function searchGoogle(text, lang, callback) {","    google.resultsPerPage = 40;","","    var site;","    if(lang) {","        site = 'site:stackoverflow.com ' + lang;","    }","    else {","        site = 'site:unix.stackexchange.com';","    }","    var searchQuery = site + ' ' + text;","","    google(searchQuery, function (err, next, links){","        if(err) {","            return googleError(err, links);","        }","","        links = links.filter(function(link) {","            return link.title !== '';","        })","        .filter(utils.isValidGoogleLink);","","        var strippedTitles = links.map(function(link) {","            var title = utils.stripStackOverflow(link.title);","            return title;","        });","","        callback(links, strippedTitles);","","    });","}","","function search(text, lang, callback) {","    return searchGoogle(text, lang, callback);","}","","function main(text, lang, remember) {","    ui.start();","    spinner.start(spinnerOptions);","","    function afterSearch(links, titles){","        spinner.stop();","        ui.showGoogleList(links, titles, selectedGoogleItemCallback(links, function(answers) {","            ui.showAnswers(answers, function(index) {","                var selected = answers[index];","                if (selected) {","                    ui.showAnswer(selected);","                }","            });","        }));","    }","","    if(!remember) {","        search(text, lang, afterSearch);","    }","    else {","        afterSearch(remember.links, remember.titles);","    }","}","","function magic(text, lang) {","    var colors = require('colors/safe');","","    function selectedAnswer(titles, answers, index, remember) {","        if(answers.length === 0) {","            log.error('Cannot find any reasonable answer for your query.');","            if(!lang) {","                console.log('To get the best answers, make sure you specify the language with '+ colors.blue('-l:'));","                console.log('example: $ how2 '+colors.blue('-l python') +' permutations list');","                console.log('example: $ how2 '+colors.blue('-l ruby') + ' permutations list');","            }","            process.exit(1);","        }","","        var markdown = utils.toEscapedMarkdown(answers[index].body_markdown);","","        var title = titles[index];","        console.log(colors.underline.green(title+'\\n'));","        console.log(markdown);","","        console.log('Press SPACE for more choices, any other key to quit.');","        require('keypress')(process.stdin);","        process.stdin.setRawMode(true);","        process.stdin.on('keypress', onKeypress);","","        function onKeypress(ch, key) {","            if(key) {","                if(key.name === 'space') {","                    process.stdin.removeListener('keypress', onKeypress);","                    return main(text, lang, remember);","                }","                else {","                    process.exit(0);","                }","            }","        }","    }","","    search(text, lang, function(links, titles) {","        var selectItem = selectedGoogleItemCallback(links, function(answers){","            spinner.stop();","            var remember = { links: links, titles: titles };","            selectedAnswer(titles, answers, 0, remember);","        });","        selectItem(0);","    });","    spinner.start(spinnerOptions);","}","","module.exports = {","    main: main,","    search: search,","    magic: magic","};",""],"l":{"1":1,"2":1,"3":1,"4":1,"5":1,"6":1,"8":1,"9":1,"10":1,"12":1,"13":1,"15":1,"16":0,"17":0,"18":0,"19":0,"21":0,"22":0,"23":0,"27":1,"28":0,"29":0,"32":0,"33":0,"34":0,"35":0,"36":0,"37":0,"38":0,"40":0,"41":0,"42":0,"43":0,"46":0,"47":0,"50":0,"55":1,"56":0,"57":0,"59":0,"60":0,"64":0,"65":0,"66":0,"69":0,"70":0,"72":0,"75":1,"76":0,"78":0,"79":0,"80":0,"83":0,"85":0,"87":0,"88":0,"89":0,"92":0,"93":0,"97":0,"98":0,"99":0,"102":0,"107":1,"108":0,"111":1,"112":0,"113":0,"115":1,"116":0,"117":0,"118":0,"119":0,"120":0,"121":0,"127":0,"128":0,"131":0,"135":1,"136":0,"138":1,"139":0,"140":0,"141":0,"142":0,"143":0,"144":0,"146":0,"149":0,"151":0,"152":0,"153":0,"155":0,"156":0,"157":0,"158":0,"160":1,"161":0,"162":0,"163":0,"164":0,"167":0,"173":0,"174":0,"175":0,"176":0,"177":0,"179":0,"181":0,"184":1}},"/home/travis/build/npmtest/node-npmtest-how2/node_modules/how2/lib/stackexchange/lib/stackexchange.js":{"path":"/home/travis/build/npmtest/node-npmtest-how2/node_modules/how2/lib/stackexchange/lib/stackexchange.js","s":{"1":1,"2":1,"3":1,"4":1,"5":1,"6":1,"7":1,"8":1,"9":1,"10":1},"b":{"1":[1,0]},"f":{"1":1,"2":1},"fnMap":{"1":{"name":"StackExchange","line":17,"loc":{"start":{"line":17,"column":17},"end":{"line":17,"column":49}}},"2":{"name":"setConfig","line":20,"loc":{"start":{"line":20,"column":39},"end":{"line":20,"column":63}}}},"statementMap":{"1":{"start":{"line":3,"column":0},"end":{"line":8,"column":39}},"2":{"start":{"line":17,"column":0},"end":{"line":30,"column":2}},"3":{"start":{"line":19,"column":4},"end":{"line":19,"column":25}},"4":{"start":{"line":20,"column":4},"end":{"line":22,"column":7}},"5":{"start":{"line":21,"column":8},"end":{"line":21,"column":38}},"6":{"start":{"line":25,"column":4},"end":{"line":25,"column":25}},"7":{"start":{"line":26,"column":4},"end":{"line":26,"column":31}},"8":{"start":{"line":27,"column":4},"end":{"line":27,"column":27}},"9":{"start":{"line":28,"column":4},"end":{"line":28,"column":23}},"10":{"start":{"line":29,"column":4},"end":{"line":29,"column":21}}},"branchMap":{"1":{"line":20,"type":"binary-expr","locations":[{"start":{"line":20,"column":16},"end":{"line":20,"column":23}},{"start":{"line":20,"column":27},"end":{"line":20,"column":29}}]}},"code":["'use strict';","","var config = require('./config')","    , search = require('./methods/search')","    , questions = require('./methods/questions')","    , answers = require('./methods/answers')","    , users = require('./methods/users')","    , tags = require('./methods/tags');","","/**"," * Initialize StackExchange API."," *"," * @Constructor"," * @param {Object} options"," * @api public"," */","module.exports = function StackExchange(options) {","    // Mitigate options to config.","    this.config = config;","    Object.keys(options || {}).forEach(function setConfig(key) {","        config.set(key, options[key]);","    });","","    // Expose methods.","    this.search = search;","    this.questions = questions;","    this.answers = answers;","    this.users = users;","    this.tags = tags;","};",""],"l":{"3":1,"17":1,"19":1,"20":1,"21":1,"25":1,"26":1,"27":1,"28":1,"29":1}},"/home/travis/build/npmtest/node-npmtest-how2/node_modules/how2/lib/stackexchange/lib/config.js":{"path":"/home/travis/build/npmtest/node-npmtest-how2/node_modules/how2/lib/stackexchange/lib/config.js","s":{"1":1,"2":1,"3":1},"b":{},"f":{},"fnMap":{},"statementMap":{"1":{"start":{"line":3,"column":0},"end":{"line":3,"column":29}},"2":{"start":{"line":6,"column":0},"end":{"line":11,"column":3}},"3":{"start":{"line":14,"column":0},"end":{"line":14,"column":23}}},"branchMap":{},"code":["'use strict';","","var nconf = require('nconf');","","// Default configuration.","nconf.use('memory').defaults({","    api: 'api.stackexchange.com'","  , protocol: 'https:'","  , site: 'stackoverflow'","  , version: 2.2","});","","// Expose config","module.exports = nconf;",""],"l":{"3":1,"6":1,"14":1}},"/home/travis/build/npmtest/node-npmtest-how2/node_modules/how2/lib/stackexchange/lib/methods/search.js":{"path":"/home/travis/build/npmtest/node-npmtest-how2/node_modules/how2/lib/stackexchange/lib/methods/search.js","s":{"1":1,"2":1,"3":0,"4":1,"5":0,"6":1,"7":1},"b":{},"f":{"1":0,"2":0},"fnMap":{"1":{"name":"search","line":15,"loc":{"start":{"line":15,"column":0},"end":{"line":15,"column":37}}},"2":{"name":"advanced","line":26,"loc":{"start":{"line":26,"column":0},"end":{"line":26,"column":39}}}},"statementMap":{"1":{"start":{"line":6,"column":0},"end":{"line":6,"column":32}},"2":{"start":{"line":15,"column":0},"end":{"line":17,"column":1}},"3":{"start":{"line":16,"column":2},"end":{"line":16,"column":38}},"4":{"start":{"line":26,"column":0},"end":{"line":28,"column":1}},"5":{"start":{"line":27,"column":2},"end":{"line":27,"column":47}},"6":{"start":{"line":31,"column":0},"end":{"line":31,"column":31}},"7":{"start":{"line":32,"column":0},"end":{"line":32,"column":35}}},"branchMap":{},"code":["'use strict';","","/**"," * Required modules."," */","var query = require('../query');","","/**"," * Searches a site for any questions which fit the given criteria."," *"," * @param {Object} criteria"," * @param {Function} callback return results"," * @api public"," */","function search (criteria, callback) {","  query('search', criteria, callback);","}","","/**"," * Extension of search, allows more criteria."," *"," * @param {Object} criteria"," * @param {Function} callback return results"," * @api public"," */","function advanced (criteria, callback) {","  query('search/advanced', criteria, callback);","}","","// Expose commands.","module.exports.search = search;","module.exports.advanced = advanced;",""],"l":{"6":1,"15":1,"16":0,"26":1,"27":0,"31":1,"32":1}},"/home/travis/build/npmtest/node-npmtest-how2/node_modules/how2/lib/stackexchange/lib/query.js":{"path":"/home/travis/build/npmtest/node-npmtest-how2/node_modules/how2/lib/stackexchange/lib/query.js","s":{"1":1,"2":1,"3":0,"4":0,"5":0,"6":0,"7":0,"8":0,"9":0},"b":{"1":[0,0],"2":[0,0]},"f":{"1":0,"2":0},"fnMap":{"1":{"name":"query","line":18,"loc":{"start":{"line":18,"column":17},"end":{"line":18,"column":66}}},"2":{"name":"response","line":33,"loc":{"start":{"line":33,"column":6},"end":{"line":33,"column":37}}}},"statementMap":{"1":{"start":{"line":3,"column":0},"end":{"line":8,"column":43}},"2":{"start":{"line":18,"column":0},"end":{"line":42,"column":2}},"3":{"start":{"line":19,"column":2},"end":{"line":19,"column":82}},"4":{"start":{"line":19,"column":17},"end":{"line":19,"column":82}},"5":{"start":{"line":23,"column":2},"end":{"line":28,"column":5}},"6":{"start":{"line":31,"column":2},"end":{"line":41,"column":4}},"7":{"start":{"line":34,"column":2},"end":{"line":39,"column":3}},"8":{"start":{"line":35,"column":3},"end":{"line":35,"column":19}},"9":{"start":{"line":38,"column":3},"end":{"line":38,"column":51}}},"branchMap":{"1":{"line":19,"type":"if","locations":[{"start":{"line":19,"column":2},"end":{"line":19,"column":2}},{"start":{"line":19,"column":2},"end":{"line":19,"column":2}}]},"2":{"line":34,"type":"if","locations":[{"start":{"line":34,"column":2},"end":{"line":34,"column":2}},{"start":{"line":34,"column":2},"end":{"line":34,"column":2}}]}},"code":["'use strict';","","var config = require('./config')","  , parser = require('./parser')","  , request = require('request')","  , url = require('url')","  , Logger = require('devnull')","  , log = new Logger({ timestamp: false });","","/**"," * Execute a query after checkign if criteria are available."," *"," * @param {String} destination query method"," * @param {Object} criteria parameters to query against"," * @param {Function} callback return results"," * @api private"," */","module.exports = function query (destination, criteria, callback) {","  if (!callback) return log.critical('No callback supplied for: ' +  destination);","","  // Query against the predefined website and construct the endpoint.","  //criteria.site = config.get('site');","  var endpoint = url.format({","      protocol: config.get('protocol')","    , host: config.get('api')","    , pathname: '/' + config.get('version') + '/' + destination","    , query: criteria","  });","","  // Execute the request on proper response call callback.","  request(","      { url: endpoint, encoding: null }","    , function response (error, res) {","\t\tif (error) {","\t\t\tcallback(error);","\t\t}","        else {","\t\t\tparser.parseBody.call(this, res.body, callback);","\t\t}","      }","  );","};",""],"l":{"3":1,"18":1,"19":0,"23":0,"31":0,"34":0,"35":0,"38":0}},"/home/travis/build/npmtest/node-npmtest-how2/node_modules/how2/lib/stackexchange/lib/parser.js":{"path":"/home/travis/build/npmtest/node-npmtest-how2/node_modules/how2/lib/stackexchange/lib/parser.js","s":{"1":1,"2":1,"3":0,"4":0,"5":0,"6":0,"7":1},"b":{},"f":{"1":0,"2":0},"fnMap":{"1":{"name":"parseBody","line":11,"loc":{"start":{"line":11,"column":0},"end":{"line":11,"column":38}}},"2":{"name":"Unzipped","line":12,"loc":{"start":{"line":12,"column":21},"end":{"line":12,"column":53}}}},"statementMap":{"1":{"start":{"line":1,"column":0},"end":{"line":1,"column":27}},"2":{"start":{"line":11,"column":0},"end":{"line":19,"column":1}},"3":{"start":{"line":12,"column":2},"end":{"line":18,"column":5}},"4":{"start":{"line":13,"column":4},"end":{"line":17,"column":5}},"5":{"start":{"line":14,"column":6},"end":{"line":14,"column":51}},"6":{"start":{"line":16,"column":6},"end":{"line":16,"column":22}},"7":{"start":{"line":22,"column":0},"end":{"line":22,"column":37}}},"branchMap":{},"code":["var zlib = require('zlib');","","/**"," * Parse the buffer, StackExchange promises to always deliver zipped content,"," * but since JSON parsing is required just wrap it in a try/catch."," *"," * @param {Buffer} buffer response content"," * @param {Function} callback return results"," * @api private"," */","function parseBody (buffer, callback) {","  zlib.unzip(buffer, function Unzipped (error, body) {","    try {","      callback(error, JSON.parse(body.toString()));","    } catch (error) {","      callback(error);","    }","  });","}","","// Export functions","module.exports.parseBody = parseBody;",""],"l":{"1":1,"11":1,"12":0,"13":0,"14":0,"16":0,"22":1}},"/home/travis/build/npmtest/node-npmtest-how2/node_modules/how2/lib/stackexchange/lib/methods/questions.js":{"path":"/home/travis/build/npmtest/node-npmtest-how2/node_modules/how2/lib/stackexchange/lib/methods/questions.js","s":{"1":1,"2":1,"3":0,"4":0,"5":1,"6":0,"7":0,"8":0,"9":1,"10":0,"11":0,"12":0,"13":0,"14":1,"15":0,"16":0,"17":0,"18":0,"19":1,"20":1,"21":1,"22":1},"b":{"1":[0,0],"2":[0,0],"3":[0,0],"4":[0,0],"5":[0,0],"6":[0,0],"7":[0,0],"8":[0,0],"9":[0,0]},"f":{"1":0,"2":0,"3":0,"4":0},"fnMap":{"1":{"name":"questions","line":20,"loc":{"start":{"line":20,"column":0},"end":{"line":20,"column":45}}},"2":{"name":"answers","line":33,"loc":{"start":{"line":33,"column":0},"end":{"line":33,"column":43}}},"3":{"name":"upvote","line":47,"loc":{"start":{"line
[...]
:{"line":177,"column":4},"end":{"line":177,"column":61}},"87":{"start":{"line":179,"column":4},"end":{"line":199,"column":7}},"88":{"start":{"line":201,"column":4},"end":{"line":201,"column":31}},"89":{"start":{"line":203,"column":4},"end":{"line":207,"column":7}},"90":{"start":{"line":204,"column":8},"end":{"line":204,"column":33}},"91":{"start":{"line":205,"column":8},"end":{"line":205,"column":28}},"92":{"start":{"line":206,"column":8},"end":{"line":206,"column":24}},"93":{"start":{"line":209,"column":4},"end":{"line":209,"column":29}},"94":{"start":{"line":210,"column":4},"end":{"line":210,"column":22}},"95":{"start":{"line":211,"column":4},"end":{"line":211,"column":20}},"96":{"start":{"line":214,"column":0},"end":{"line":223,"column":1}},"97":{"start":{"line":215,"column":4},"end":{"line":217,"column":7}},"98":{"start":{"line":218,"column":4},"end":{"line":219,"column":7}},"99":{"start":{"line":220,"column":4},"end":{"line":220,"column":24}},"100":{"start":{"line":221,"column":4},"end":{"line":221,"column":24}},"101":{"start":{"line":222,"column":4},"end":{"line":222,"column":20}},"102":{"start":{"line":225,"column":0},"end":{"line":237,"column":2}},"103":{"start":{"line":228,"column":8},"end":{"line":230,"column":9}},"104":{"start":{"line":229,"column":12},"end":{"line":229,"column":29}}},"branchMap":{"1":{"line":17,"type":"if","locations":[{"start":{"line":17,"column":4},"end":{"line":17,"column":4}},{"start":{"line":17,"column":4},"end":{"line":17,"column":4}}]},"2":{"line":120,"type":"if","locations":[{"start":{"line":120,"column":8},"end":{"line":120,"column":8}},{"start":{"line":120,"column":8},"end":{"line":120,"column":8}}]},"3":{"line":228,"type":"if","locations":[{"start":{"line":228,"column":8},"end":{"line":228,"column":8}},{"start":{"line":228,"column":8},"end":{"line":228,"column":8}}]}},"code":["var _ = require('lodash');","var blessed = require('blessed');","var htmlentities = require('ent');","var colors = require('colors');","","var utils = require('./utils');","var updates = require('./updates');","","var screen;","var googleList;","var answersList;","var logBox;","","function exit() {","    screen.destroy();","    var msg = updates.getResult();","    if(msg) {","        console.error(msg);","    }","    process.exit(0);","}","","function start() {","    updates.checkForUpdates();","","    screen = blessed.screen({","        smartCSR: true,","        autoPadding: true","    });","","    screen.key(['C-c'], function(ch, key) {","        exit();","    });","","    var logText =","        colors.bgBlue.white.bold(' Enter/Space ')+' open link '+","        colors.bgBlue.white.bold(' B ') + ' open browser '+","        colors.bgBlue.white.bold(' Esc ') + ' close window';","    logBox = blessed.box({","        width: '100%',","        top: '100%-1',","        content: logText","    });","    screen.append(logBox);","    screen.render();","}","","function listStyle() {","    return {","        selectedBg: 'blue',","        selectedFg: 'white',","        // mouse: true,","        keys: true,","        vi: true","    };","}","","function showGoogling() {","    var box = blessed.box({","        content: 'Googling...'","    });","    screen.append(box);","    screen.render();","}","","function showGoogleList(links, titles, callback) {","    var options = {","        parent: screen,","        width: '100%',","        height: '100%-1',","        top: 'center',","        left: 'center',","        padding: 1,","        title: 'Select Answer:',","        // mouse: true","    };","    _.extend(options, listStyle());","    googleList = blessed.list(options);","","    googleList.setItems(titles);","","    googleList.prepend(new blessed.Text({","        content: 'Select one code tip:'","    }));","","    googleList.on('select', function(event) {","        callback(this.selected);","    });","","    googleList.key(['space', 'o'], function() {","        googleList.enterSelected();","        screen.render();","    });","","    googleList.key(['escape', 'q'], function() {","        exit();","    });","","    googleList.key(['b'], function() {","        var link = links[this.selected];","        try {","            require('openurl').open(link.link);","        }","        catch(e) {}","    });","","    googleList.select(0);","    googleList.focus();","    screen.render();","}","","function makeTitleForAnswer(answer) {","    var withColors = utils.marked(answer.body_markdown);","","    var lines = withColors.split('\\n');","","    var firstLine;","    for(var i=0; i < lines.length; i++) {","        firstLine = lines[i];","        if(firstLine !== '') break;","    }","    firstLine = htmlentities.decode(firstLine);","    var score = '('+answer.score+') ';","    return score + firstLine;","}","","function showAnswers(answers, callback) {","    var listBox = blessed.box({","        top: 'center',","        left: 'center',","        width: '90%',","        height: '90%',","        border: {","            type: 'line',","        },","        tags: true,","    });","","    var listOptions = {","        parent: listBox,","        border: {","            type: 'bg',","        },","    };","    _.extend(listOptions, listStyle());","    answersList = blessed.list(listOptions);","","    answersList.setItems(answers.map(makeTitleForAnswer));","","    answersList.on('select', function() {","        callback(this.selected);","    });","","    answersList.key(['space', 'o'], function() {","        answersList.enterSelected();","        screen.render();","    });","","    answersList.key(['b'], function(event) {","        var answer = answers[this.selected];","        require('openurl').open(answer.link);","    });","","    answersList.key(['escape', 'q'], function() {","        screen.remove(listBox);","        googleList.focus();","        screen.render();","    });","","    listBox.append(answersList);","    answersList.focus();","    screen.append(listBox);","    screen.render();","}","","function showAnswer(answer) {","    var text = utils.toEscapedMarkdown(answer.body_markdown);","","    var answerBox = blessed.box({","        top: 'center',","        left: 'center',","        width: '80%',","        height: '80%',","        border: {","            type: 'line',","        },","        padding : 1,","        scrollable: true,","        alwaysScroll: true,","        scrollbar: {","            border: {","                bg: 'yellow'","            },","            bg: 'yellow'","        },","        keys: true,","        vi: true,","        // mouse: true","    });","","    answerBox.setContent(text);","","    answerBox.key(['escape', 'q'], function() {","        screen.remove(answerBox);","        answersList.focus();","        screen.render();","    });","","    screen.append(answerBox);","    answerBox.focus();","    screen.render();","}","","function magicSelect(rows) {","    screen = blessed.screen({","        autoPadding: true","    });","    var list = blessed.list({","    });","    list.setItems(rows);","    screen.append(list);","    screen.render();","}","","module.exports = {","    start: start,","    stop: function() {","        if(screen) {","            screen.destroy();","        }","    },","    showGoogling: showGoogling,","    showGoogleList: showGoogleList,","    showAnswers: showAnswers,","    showAnswer: showAnswer,","    magicSelect: magicSelect","};",""],"l":{"1":1,"2":1,"3":1,"4":1,"6":1,"7":1,"9":1,"10":1,"11":1,"12":1,"14":1,"15":0,"16":0,"17":0,"18":0,"20":0,"23":1,"24":0,"26":0,"31":0,"32":0,"35":0,"39":0,"44":0,"45":0,"48":1,"49":0,"58":1,"59":0,"62":0,"63":0,"66":1,"67":0,"77":0,"78":0,"80":0,"82":0,"86":0,"87":0,"90":0,"91":0,"92":0,"95":0,"96":0,"99":0,"100":0,"101":0,"102":0,"107":0,"108":0,"109":0,"112":1,"113":0,"115":0,"117":0,"118":0,"119":0,"120":0,"122":0,"123":0,"124":0,"127":1,"128":0,"139":0,"145":0,"146":0,"148":0,"150":0,"151":0,"154":0,"155":0,"156":0,"159":0,"160":0,"161":0,"164":0,"165":0,"166":0,"167":0,"170":0,"171":0,"172":0,"173":0,"176":1,"177":0,"179":0,"201":0,"203":0,"204":0,"205":0,"206":0,"209":0,"210":0,"211":0,"214":1,"215":0,"218":0,"220":0,"221":0,"222":0,"225":1,"228":0,"229":0}},"/home/travis/build/npmtest/node-npmtest-how2/node_modules/how2/lib/utils.js":{"path":"/home/travis/build/npmtest/node-npmtest-how2/node_modules/how2/lib/utils.js","s":{"1":1,"2":1,"3":1,"4":1,"5":1,"6":1,"7":0,"8":0,"9":0,"10":0,"11":0,"12":0,"13":0,"14":0,"15":0,"16":0,"17":1,"18":0,"19":0,"20":0,"21":0,"22":0,"23":0,"24":0,"25":0,"26":0,"27":0,"28":0,"29":0,"30":0,"31":0,"32":0,"33":1,"34":0,"35":1,"36":0,"37":1},"b":{"1":[0,0],"2":[0,0],"3":[0,0],"4":[0,0],"5":[0,0],"6":[0,0],"7":[0,0],"8":[0,0],"9":[0,0],"10":[0,0],"11":[0,0]},"f":{"1":0,"2":0,"3":0,"4":0},"fnMap":{"1":{"name":"stripStackOverflow","line":13,"loc":{"start":{"line":13,"column":0},"end":{"line":13,"column":35}}},"2":{"name":"parseStackoverflowQuestionId","line":29,"loc":{"start":{"line":29,"column":0},"end":{"line":29,"column":44}}},"3":{"name":"isValidGoogleLink","line":55,"loc":{"start":{"line":55,"column":0},"end":{"line":55,"column":33}}},"4":{"name":"toEscapedMarkdown","line":59,"loc":{"start":{"line":59,"column":0},"end":{"line":59,"column":37}}}},"statementMap":{"1":{"start":{"line":1,"column":0},"end":{"line":1,"column":26}},"2":{"start":{"line":2,"column":0},"end":{"line":2,"column":34}},"3":{"start":{"line":3,"column":0},"end":{"line":3,"column":31}},"4":{"start":{"line":4,"column":0},"end":{"line":4,"column":50}},"5":{"start":{"line":6,"column":0},"end":{"line":11,"column":3}},"6":{"start":{"line":13,"column":0},"end":{"line":27,"column":1}},"7":{"start":{"line":14,"column":4},"end":{"line":14,"column":35}},"8":{"start":{"line":15,"column":4},"end":{"line":18,"column":5}},"9":{"start":{"line":16,"column":8},"end":{"line":16,"column":20}},"10":{"start":{"line":17,"column":8},"end":{"line":17,"column":33}},"11":{"start":{"line":19,"column":4},"end":{"line":25,"column":5}},"12":{"start":{"line":20,"column":8},"end":{"line":20,"column":33}},"13":{"start":{"line":21,"column":8},"end":{"line":24,"column":9}},"14":{"start":{"line":22,"column":12},"end":{"line":22,"column":24}},"15":{"start":{"line":23,"column":12},"end":{"line":23,"column":35}},"16":{"start":{"line":26,"column":4},"end":{"line":26,"column":17}},"17":{"start":{"line":29,"column":0},"end":{"line":53,"column":1}},"18":{"start":{"line":30,"column":4},"end":{"line":31,"column":16}},"19":{"start":{"line":32,"column":4},"end":{"line":52,"column":21}},"20":{"start":{"line":33,"column":8},"end":{"line":33,"column":55}},"21":{"start":{"line":34,"column":8},"end":{"line":34,"column":32}},"22":{"start":{"line":35,"column":8},"end":{"line":35,"column":55}},"23":{"start":{"line":35,"column":43},"end":{"line":35,"column":55}},"24":{"start":{"line":36,"column":8},"end":{"line":41,"column":9}},"25":{"start":{"line":37,"column":12},"end":{"line":40,"column":14}},"26":{"start":{"line":43,"column":9},"end":{"line":52,"column":21}},"27":{"start":{"line":44,"column":8},"end":{"line":44,"column":64}},"28":{"start":{"line":45,"column":8},"end":{"line":45,"column":32}},"29":{"start":{"line":46,"column":8},"end":{"line":46,"column":55}},"30":{"start":{"line":46,"column":43},"end":{"line":46,"column":55}},"31":{"start":{"line":47,"column":8},"end":{"line":50,"column":10}},"32":{"start":{"line":52,"column":9},"end":{"line":52,"column":21}},"33":{"start":{"line":55,"column":0},"end":{"line":57,"column":1}},"34":{"start":{"line":56,"column":4},"end":{"line":56,"column":60}},"35":{"start":{"line":59,"column":0},"end":{"line":61,"column":1}},"36":{"start":{"line":60,"column":5},"end":{"line":60,"column":50}},"37":{"start":{"line":63,"column":0},"end":{"line":69,"column":2}}},"branchMap":{"1":{"line":15,"type":"if","locations":[{"start":{"line":15,"column":4},"end":{"line":15,"column":4}},{"start":{"line":15,"column":4},"end":{"line":15,"column":4}}]},"2":{"line":19,"type":"if","locations":[{"start":{"line":19,"column":4},"end":{"line":19,"column":4}},{"start":{"line":19,"column":4},"end":{"line":19,"column":4}}]},"3":{"line":21,"type":"if","locations":[{"start":{"line":21,"column":8},"end":{"line":21,"column":8}},{"start":{"line":21,"column":8},"end":{"line":21,"column":8}}]},"4":{"line":21,"type":"binary-expr","locations":[{"start":{"line":21,"column":11},"end":{"line":21,"column":39}},{"start":{"line":21,"column":43},"end":{"line":21,"column":70}}]},"5":{"line":32,"type":"if","locations":[{"start":{"line":32,"column":4},"end":{"line":32,"column":4}},{"start":{"line":32,"column":4},"end":{"line":32,"column":4}}]},"6":{"line":35,"type":"if","locations":[{"start":{"line":35,"column":8},"end":{"line":35,"column":8}},{"start":{"line":35,"column":8},"end":{"line":35,"column":8}}]},"7":{"line":35,"type":"binary-expr","locations":[{"start":{"line":35,"column":11},"end":{"line":35,"column":19}},{"start":{"line":35,"column":23},"end":{"line":35,"column":41}}]},"8":{"line":36,"type":"if","locations":[{"start":{"line":36,"column":8},"end":{"line":36,"column":8}},{"start":{"line":36,"column":8},"end":{"line":36,"column":8}}]},"9":{"line":43,"type":"if","locations":[{"start":{"line":43,"column":9},"end":{"line":43,"column":9}},{"start":{"line":43,"column":9},"end":{"line":43,"column":9}}]},"10":{"line":46,"type":"if","locations":[{"start":{"line":46,"column":8},"end":{"line":46,"column":8}},{"start":{"line":46,"column":8},"end":{"line":46,"column":8}}]},"11":{"line":46,"type":"binary-expr","locations":[{"start":{"line":46,"column":11},"end":{"line":46,"column":19}},{"start":{"line":46,"column":23},"end":{"line":46,"column":41}}]}},"code":["var _ = require('lodash');","var htmlentities = require('ent');","var marked = require('marked');","var TerminalRenderer = require('marked-terminal');","","marked.setOptions({","    // Define custom renderer","    renderer: new TerminalRenderer({","        unescape: true,","    })","});","","function stripStackOverflow(title) {","    var split = title.split(' - ');","    if(split.length === 3) {","        split.pop();","        return split.join(' - ');","    }","    if(split.length === 2) {","        var last = _.last(split);","        if(last.indexOf('Stack') !== -1 || last.indexOf('Unix') !== -1) {","            split.pop();","            return split.join('-');","        }","    }","    return title;","}","","function parseStackoverflowQuestionId(link) {","    var re,","        matches;","    if(link.indexOf('stackoverflow.com') !== -1) {","        re = /.*stackoverflow.com\\/questions\\/(\\d+)\\//;","        matches = re.exec(link);","        if(!matches || matches.length < 2) return null;","        if(matches) {","            return {","                site: 'stackoverflow',","                questionId: matches[1]","            };","        }","    }","    else if(link.indexOf('stackexchange.com') !== -1) {","        re = /.*\\/\\/(.*).stackexchange.com\\/questions\\/(\\d+)\\//;","        matches = re.exec(link);","        if(!matches || matches.length < 3) return null;","        return {","            site: matches[1],","            questionId: matches[2]","        };","    }","    else return null;","}","","function isValidGoogleLink(link) {","    return parseStackoverflowQuestionId(link.link) !== null;","}","","function toEscapedMarkdown(markdown) {","     return htmlentities.decode(marked(markdown));","}","","module.exports = {","    parseStackoverflowQuestionId: parseStackoverflowQuestionId,","    stripStackOverflow: stripStackOverflow,","    isValidGoogleLink: isValidGoogleLink,","    toEscapedMarkdown: toEscapedMarkdown,","    marked: marked","};",""],"l":{"1":1,"2":1,"3":1,"4":1,"6":1,"13":1,"14":0,"15":0,"16":0,"17":0,"19":0,"20":0,"21":0,"22":0,"23":0,"26":0,"29":1,"30":0,"32":0,"33":0,"34":0,"35":0,"36":0,"37":0,"43":0,"44":0,"45":0,"46":0,"47":0,"52":0,"55":1,"56":0,"59":1,"60":0,"63":1}},"/home/travis/build/npmtest/node-npmtest-how2/node_modules/how2/lib/updates.js":{"path":"/home/travis/build/npmtest/node-npmtest-how2/node_modules/how2/lib/updates.js","s":{"1":1,"2":1,"3":0,"4":0,"5":0,"6":0,"7":0,"8":0,"9":0,"10":0,"11":0,"12":0,"13":1,"14":0,"15":1},"b":{"1":[0,0],"2":[0,0]},"f":{"1":0,"2":0,"3":0},"fnMap":{"1":{"name":"checkForUpdates","line":4,"loc":{"start":{"line":4,"column":0},"end":{"line":4,"column":27}}},"2":{"name":"(anonymous_2)","line":10,"loc":{"start":{"line":10,"column":41},"end":{"line":10,"column":61}}},"3":{"name":"getResult","line":24,"loc":{"start":{"line":24,"column":0},"end":{"line":24,"column":21}}}},"statementMap":{"1":{"start":{"line":2,"column":0},"end":{"line":2,"column":23}},"2":{"start":{"line":4,"column":0},"end":{"line":22,"column":1}},"3":{"start":{"line":5,"column":4},"end":{"line":5,"column":42}},"4":{"start":{"line":6,"column":4},"end":{"line":6,"column":45}},"5":{"start":{"line":7,"column":4},"end":{"line":7,"column":35}},"6":{"start":{"line":8,"column":4},"end":{"line":8,"column":35}},"7":{"start":{"line":10,"column":4},"end":{"line":21,"column":7}},"8":{"start":{"line":11,"column":8},"end":{"line":14,"column":9}},"9":{"start":{"line":12,"column":12},"end":{"line":12,"column":31}},"10":{"start":{"line":13,"column":12},"end":{"line":13,"column":19}},"11":{"start":{"line":15,"column":8},"end":{"line":20,"column":9}},"12":{"start":{"line":16,"column":12},"end":{"line":19,"column":14}},"13":{"start":{"line":24,"column":0},"end":{"line":26,"column":1}},"14":{"start":{"line":25,"column":4},"end":{"line":25,"column":23}},"15":{"start":{"line":28,"column":0},"end":{"line":31,"column":2}}},"branchMap":{"1":{"line":11,"type":"if","locations":[{"start":{"line":11,"column":8},"end":{"line":11,"column":8}},{"start":{"line":11,"column":8},"end":{"line":11,"column":8}}]},"2":{"line":15,"type":"if","locations":[{"start":{"line":15,"column":8},"end":{"line":15,"column":8}},{"start":{"line":15,"column":8},"end":{"line":15,"column":8}}]}},"code":["","var checkResult = null;","","function checkForUpdates() {","    var npmLatest = require('npm-latest');","    var package = require('../package.json');","    var colors = require('colors');","    var semver = require('semver');","","    npmLatest('how2', { timeout: 1500 }, function (err, npm) {","        if(err) {","            console.error(err);","            return;","        }","        if(semver.gt(npm.version, package.version)) {","            checkResult = colors.yellow(","                '\\nA new version of how2 is available: '+npm.version+'\\n'+","                'Run '+colors.blue('npm update -g how2')+' to update.\\n'","            );","        }","    });","}","","function getResult() {","    return checkResult;","}","","module.exports = {","    checkForUpdates: checkForUpdates,","    getResult: getResult","};",""],"l":{"2":1,"4":1,"5":0,"6":0,"7":0,"8":0,"10":0,"11":0,"12":0,"13":0,"15":0,"16":0,"24":1,"25":0,"28":1}},"/home/travis/build/npmtest/node-npmtest-how2/node_modules/how2/lib/log.js":{"path":"/home/travis/build/npmtest/node-npmtest-how2/node_modules/how2/lib/log.js","s":{"1":1,"2":1,"3":0,"4":1,"5":0,"6":1},"b":{},"f":{"1":0,"2":0},"fnMap":{"1":{"name":"error","line":3,"loc":{"start":{"line":3,"column":0},"end":{"line":3,"column":20}}},"2":{"name":"debug","line":7,"loc":{"start":{"line":7,"column":0},"end":{"line":7,"column":17}}}},"statementMap":{"1":{"start":{"line":1,"column":0},"end":{"line":1,"column":31}},"2":{"start":{"line":3,"column":0},"end":{"line":5,"column":1}},"3":{"start":{"line":4,"column":4},"end":{"line":4,"column":35}},"4":{"start":{"line":7,"column":0},"end":{"line":9,"column":1}},"5":{"start":{"line":8,"column":4},"end":{"line":8,"column":57}},"6":{"start":{"line":11,"column":0},"end":{"line":14,"column":2}}},"branchMap":{},"code":["var colors = require('colors');","","function error(str) {","    console.error(colors.red(str));","}","","function debug() {","    Function.apply.call(console.log, console, arguments);","}","","module.exports = {","    error: error,","    debug: debug","};",""],"l":{"1":1,"3":1,"4":0,"7":1,"8":0,"11":1}}}